{"C:\\Users\\jagathratchagan.ve\\OneDrive - IDP Education Ltd\\Documents\\E-Commerce\\ecommerce-frontend\\src\\components\\cards\\CartItemCard.jsx": {"path":"C:\\Users\\jagathratchagan.ve\\OneDrive - IDP Education Ltd\\Documents\\E-Commerce\\ecommerce-frontend\\src\\components\\cards\\CartItemCard.jsx","statementMap":{"0":{"start":{"line":6,"column":13},"end":{"line":95,"column":null}},"1":{"start":{"line":7,"column":45},"end":{"line":7,"column":53}},"2":{"start":{"line":9,"column":8},"end":{"line":11,"column":null}},"3":{"start":{"line":10,"column":4},"end":{"line":10,"column":null}},"4":{"start":{"line":13,"column":8},"end":{"line":19,"column":null}},"5":{"start":{"line":14,"column":4},"end":{"line":18,"column":null}},"6":{"start":{"line":15,"column":6},"end":{"line":15,"column":null}},"7":{"start":{"line":17,"column":6},"end":{"line":17,"column":null}},"8":{"start":{"line":21,"column":2},"end":{"line":93,"column":null}},"9":{"start":{"line":31,"column":12},"end":{"line":31,"column":null}},"10":{"start":{"line":84,"column":25},"end":{"line":84,"column":null}}},"fnMap":{"0":{"name":"(anonymous_0)","decl":{"start":{"line":6,"column":13},"end":{"line":6,"column":29}},"loc":{"start":{"line":6,"column":42},"end":{"line":95,"column":null}},"line":6},"1":{"name":"(anonymous_1)","decl":{"start":{"line":9,"column":8},"end":{"line":9,"column":32}},"loc":{"start":{"line":9,"column":32},"end":{"line":11,"column":null}},"line":9},"2":{"name":"(anonymous_2)","decl":{"start":{"line":13,"column":8},"end":{"line":13,"column":32}},"loc":{"start":{"line":13,"column":32},"end":{"line":19,"column":null}},"line":13},"3":{"name":"(anonymous_3)","decl":{"start":{"line":30,"column":10},"end":{"line":30,"column":20}},"loc":{"start":{"line":30,"column":26},"end":{"line":32,"column":null}},"line":30},"4":{"name":"(anonymous_4)","decl":{"start":{"line":84,"column":10},"end":{"line":84,"column":25}},"loc":{"start":{"line":84,"column":25},"end":{"line":84,"column":null}},"line":84}},"branchMap":{"0":{"loc":{"start":{"line":14,"column":4},"end":{"line":18,"column":null}},"type":"if","locations":[{"start":{"line":14,"column":4},"end":{"line":18,"column":null}},{"start":{"line":16,"column":11},"end":{"line":18,"column":null}}],"line":14},"1":{"loc":{"start":{"line":27,"column":15},"end":{"line":27,"column":null}},"type":"binary-expr","locations":[{"start":{"line":27,"column":15},"end":{"line":27,"column":32}},{"start":{"line":27,"column":32},"end":{"line":27,"column":null}}],"line":27},"2":{"loc":{"start":{"line":78,"column":28},"end":{"line":78,"column":71}},"type":"binary-expr","locations":[{"start":{"line":78,"column":28},"end":{"line":78,"column":45}},{"start":{"line":78,"column":45},"end":{"line":78,"column":71}}],"line":78}},"s":{"0":2,"1":3,"2":3,"3":1,"4":3,"5":2,"6":1,"7":1,"8":3,"9":0,"10":1},"f":{"0":3,"1":1,"2":2,"3":0,"4":1},"b":{"0":[1,1],"1":[3,3],"2":[3,0]},"meta":{"lastBranch":3,"lastFunction":5,"lastStatement":11,"seen":{"s:6:13:95:Infinity":0,"f:6:13:6:29":0,"s:7:45:7:53":1,"s:9:8:11:Infinity":2,"f:9:8:9:32":1,"s:10:4:10:Infinity":3,"s:13:8:19:Infinity":4,"f:13:8:13:32":2,"b:14:4:18:Infinity:16:11:18:Infinity":0,"s:14:4:18:Infinity":5,"s:15:6:15:Infinity":6,"s:17:6:17:Infinity":7,"s:21:2:93:Infinity":8,"b:27:15:27:32:27:32:27:Infinity":1,"f:30:10:30:20":3,"s:31:12:31:Infinity":9,"b:78:28:78:45:78:45:78:71":2,"f:84:10:84:25":4,"s:84:25:84:Infinity":10},"fnNames":{}}}
,"C:\\Users\\jagathratchagan.ve\\OneDrive - IDP Education Ltd\\Documents\\E-Commerce\\ecommerce-frontend\\src\\components\\cards\\OrderCard.jsx": {"path":"C:\\Users\\jagathratchagan.ve\\OneDrive - IDP Education Ltd\\Documents\\E-Commerce\\ecommerce-frontend\\src\\components\\cards\\OrderCard.jsx","statementMap":{"0":{"start":{"line":6,"column":13},"end":{"line":76,"column":null}},"1":{"start":{"line":7,"column":2},"end":{"line":74,"column":null}},"2":{"start":{"line":42,"column":12},"end":{"line":57,"column":null}},"3":{"start":{"line":48,"column":18},"end":{"line":48,"column":null}}},"fnMap":{"0":{"name":"(anonymous_0)","decl":{"start":{"line":6,"column":13},"end":{"line":6,"column":26}},"loc":{"start":{"line":6,"column":40},"end":{"line":76,"column":null}},"line":6},"1":{"name":"(anonymous_1)","decl":{"start":{"line":41,"column":50},"end":{"line":41,"column":55}},"loc":{"start":{"line":42,"column":12},"end":{"line":57,"column":null}},"line":42},"2":{"name":"(anonymous_2)","decl":{"start":{"line":47,"column":16},"end":{"line":47,"column":26}},"loc":{"start":{"line":47,"column":32},"end":{"line":49,"column":null}},"line":47}},"branchMap":{"0":{"loc":{"start":{"line":33,"column":28},"end":{"line":33,"column":57}},"type":"binary-expr","locations":[{"start":{"line":33,"column":28},"end":{"line":33,"column":43}},{"start":{"line":33,"column":43},"end":{"line":33,"column":57}}],"line":33},"1":{"loc":{"start":{"line":41,"column":11},"end":{"line":58,"column":null}},"type":"binary-expr","locations":[{"start":{"line":41,"column":11},"end":{"line":41,"column":26}},{"start":{"line":41,"column":26},"end":{"line":58,"column":null}}],"line":41},"2":{"loc":{"start":{"line":44,"column":21},"end":{"line":44,"column":null}},"type":"binary-expr","locations":[{"start":{"line":44,"column":21},"end":{"line":44,"column":38}},{"start":{"line":44,"column":38},"end":{"line":44,"column":null}}],"line":44},"3":{"loc":{"start":{"line":59,"column":11},"end":{"line":64,"column":null}},"type":"binary-expr","locations":[{"start":{"line":59,"column":11},"end":{"line":59,"column":26}},{"start":{"line":59,"column":26},"end":{"line":59,"column":null}},{"start":{"line":60,"column":12},"end":{"line":64,"column":null}}],"line":59}},"s":{"0":2,"1":2,"2":1,"3":0},"f":{"0":2,"1":1,"2":0},"b":{"0":[2,0],"1":[2,1],"2":[1,1],"3":[2,1,0]},"meta":{"lastBranch":4,"lastFunction":3,"lastStatement":4,"seen":{"s:6:13:76:Infinity":0,"f:6:13:6:26":0,"s:7:2:74:Infinity":1,"b:33:28:33:43:33:43:33:57":0,"b:41:11:41:26:41:26:58:Infinity":1,"f:41:50:41:55":1,"s:42:12:57:Infinity":2,"b:44:21:44:38:44:38:44:Infinity":2,"f:47:16:47:26":2,"s:48:18:48:Infinity":3,"b:59:11:59:26:59:26:59:Infinity:60:12:64:Infinity":3},"fnNames":{}}}
,"C:\\Users\\jagathratchagan.ve\\OneDrive - IDP Education Ltd\\Documents\\E-Commerce\\ecommerce-frontend\\src\\components\\cards\\ProductCard.jsx": {"path":"C:\\Users\\jagathratchagan.ve\\OneDrive - IDP Education Ltd\\Documents\\E-Commerce\\ecommerce-frontend\\src\\components\\cards\\ProductCard.jsx","statementMap":{"0":{"start":{"line":8,"column":13},"end":{"line":150,"column":null}},"1":{"start":{"line":9,"column":24},"end":{"line":9,"column":32}},"2":{"start":{"line":10,"column":30},"end":{"line":10,"column":38}},"3":{"start":{"line":11,"column":19},"end":{"line":11,"column":31}},"4":{"start":{"line":12,"column":32},"end":{"line":12,"column":null}},"5":{"start":{"line":14,"column":26},"end":{"line":14,"column":null}},"6":{"start":{"line":15,"column":23},"end":{"line":15,"column":null}},"7":{"start":{"line":18,"column":25},"end":{"line":18,"column":null}},"8":{"start":{"line":19,"column":23},"end":{"line":19,"column":null}},"9":{"start":{"line":21,"column":26},"end":{"line":31,"column":null}},"10":{"start":{"line":22,"column":4},"end":{"line":22,"column":null}},"11":{"start":{"line":23,"column":4},"end":{"line":23,"column":null}},"12":{"start":{"line":24,"column":4},"end":{"line":24,"column":null}},"13":{"start":{"line":24,"column":22},"end":{"line":24,"column":null}},"14":{"start":{"line":25,"column":4},"end":{"line":25,"column":null}},"15":{"start":{"line":26,"column":4},"end":{"line":30,"column":null}},"16":{"start":{"line":27,"column":6},"end":{"line":27,"column":null}},"17":{"start":{"line":29,"column":6},"end":{"line":29,"column":null}},"18":{"start":{"line":33,"column":23},"end":{"line":48,"column":null}},"19":{"start":{"line":34,"column":4},"end":{"line":34,"column":null}},"20":{"start":{"line":35,"column":4},"end":{"line":35,"column":null}},"21":{"start":{"line":36,"column":4},"end":{"line":36,"column":null}},"22":{"start":{"line":36,"column":22},"end":{"line":36,"column":null}},"23":{"start":{"line":37,"column":4},"end":{"line":40,"column":null}},"24":{"start":{"line":38,"column":6},"end":{"line":38,"column":null}},"25":{"start":{"line":39,"column":6},"end":{"line":39,"column":null}},"26":{"start":{"line":41,"column":4},"end":{"line":41,"column":null}},"27":{"start":{"line":42,"column":4},"end":{"line":47,"column":null}},"28":{"start":{"line":43,"column":6},"end":{"line":43,"column":null}},"29":{"start":{"line":44,"column":6},"end":{"line":44,"column":null}},"30":{"start":{"line":46,"column":6},"end":{"line":46,"column":null}},"31":{"start":{"line":50,"column":2},"end":{"line":148,"column":null}},"32":{"start":{"line":69,"column":14},"end":{"line":69,"column":null}}},"fnMap":{"0":{"name":"(anonymous_0)","decl":{"start":{"line":8,"column":13},"end":{"line":8,"column":28}},"loc":{"start":{"line":8,"column":55},"end":{"line":150,"column":null}},"line":8},"1":{"name":"(anonymous_1)","decl":{"start":{"line":21,"column":26},"end":{"line":21,"column":33}},"loc":{"start":{"line":21,"column":39},"end":{"line":31,"column":null}},"line":21},"2":{"name":"(anonymous_2)","decl":{"start":{"line":33,"column":23},"end":{"line":33,"column":30}},"loc":{"start":{"line":33,"column":36},"end":{"line":48,"column":null}},"line":33},"3":{"name":"(anonymous_3)","decl":{"start":{"line":68,"column":12},"end":{"line":68,"column":22}},"loc":{"start":{"line":68,"column":28},"end":{"line":70,"column":null}},"line":68}},"branchMap":{"0":{"loc":{"start":{"line":15,"column":23},"end":{"line":15,"column":null}},"type":"cond-expr","locations":[{"start":{"line":15,"column":88},"end":{"line":15,"column":112}},{"start":{"line":15,"column":112},"end":{"line":15,"column":null}}],"line":15},"1":{"loc":{"start":{"line":15,"column":23},"end":{"line":15,"column":88}},"type":"binary-expr","locations":[{"start":{"line":15,"column":23},"end":{"line":15,"column":48}},{"start":{"line":15,"column":48},"end":{"line":15,"column":88}}],"line":15},"2":{"loc":{"start":{"line":18,"column":25},"end":{"line":18,"column":null}},"type":"cond-expr","locations":[{"start":{"line":18,"column":67},"end":{"line":18,"column":94}},{"start":{"line":18,"column":94},"end":{"line":18,"column":null}}],"line":18},"3":{"loc":{"start":{"line":19,"column":23},"end":{"line":19,"column":null}},"type":"binary-expr","locations":[{"start":{"line":19,"column":23},"end":{"line":19,"column":46}},{"start":{"line":19,"column":46},"end":{"line":19,"column":null}}],"line":19},"4":{"loc":{"start":{"line":24,"column":4},"end":{"line":24,"column":null}},"type":"if","locations":[{"start":{"line":24,"column":4},"end":{"line":24,"column":null}},{"start":{},"end":{}}],"line":24},"5":{"loc":{"start":{"line":36,"column":4},"end":{"line":36,"column":null}},"type":"if","locations":[{"start":{"line":36,"column":4},"end":{"line":36,"column":null}},{"start":{},"end":{}}],"line":36},"6":{"loc":{"start":{"line":37,"column":4},"end":{"line":40,"column":null}},"type":"if","locations":[{"start":{"line":37,"column":4},"end":{"line":40,"column":null}},{"start":{},"end":{}}],"line":37},"7":{"loc":{"start":{"line":53,"column":29},"end":{"line":53,"column":64}},"type":"binary-expr","locations":[{"start":{"line":53,"column":29},"end":{"line":53,"column":43}},{"start":{"line":53,"column":43},"end":{"line":53,"column":64}}],"line":53},"8":{"loc":{"start":{"line":56,"column":9},"end":{"line":59,"column":null}},"type":"binary-expr","locations":[{"start":{"line":56,"column":9},"end":{"line":56,"column":null}},{"start":{"line":57,"column":10},"end":{"line":59,"column":null}}],"line":56},"9":{"loc":{"start":{"line":65,"column":17},"end":{"line":65,"column":null}},"type":"binary-expr","locations":[{"start":{"line":65,"column":17},"end":{"line":65,"column":37}},{"start":{"line":65,"column":37},"end":{"line":65,"column":null}}],"line":65},"10":{"loc":{"start":{"line":75,"column":9},"end":{"line":78,"column":null}},"type":"binary-expr","locations":[{"start":{"line":75,"column":9},"end":{"line":75,"column":null}},{"start":{"line":76,"column":10},"end":{"line":78,"column":null}}],"line":75},"11":{"loc":{"start":{"line":93,"column":11},"end":{"line":96,"column":null}},"type":"binary-expr","locations":[{"start":{"line":93,"column":11},"end":{"line":93,"column":null}},{"start":{"line":94,"column":12},"end":{"line":96,"column":null}}],"line":93},"12":{"loc":{"start":{"line":105,"column":11},"end":{"line":110,"column":null}},"type":"binary-expr","locations":[{"start":{"line":105,"column":11},"end":{"line":105,"column":36}},{"start":{"line":105,"column":36},"end":{"line":105,"column":null}},{"start":{"line":106,"column":12},"end":{"line":110,"column":null}}],"line":105},"13":{"loc":{"start":{"line":114,"column":11},"end":{"line":123,"column":null}},"type":"cond-expr","locations":[{"start":{"line":115,"column":12},"end":{"line":116,"column":32}},{"start":{"line":116,"column":14},"end":{"line":123,"column":null}}],"line":114},"14":{"loc":{"start":{"line":116,"column":14},"end":{"line":123,"column":null}},"type":"cond-expr","locations":[{"start":{"line":117,"column":12},"end":{"line":121,"column":13}},{"start":{"line":121,"column":12},"end":{"line":123,"column":null}}],"line":116},"15":{"loc":{"start":{"line":132,"column":20},"end":{"line":132,"column":null}},"type":"binary-expr","locations":[{"start":{"line":132,"column":20},"end":{"line":132,"column":36}},{"start":{"line":132,"column":36},"end":{"line":132,"column":null}}],"line":132},"16":{"loc":{"start":{"line":140,"column":20},"end":{"line":140,"column":null}},"type":"binary-expr","locations":[{"start":{"line":140,"column":20},"end":{"line":140,"column":36}},{"start":{"line":140,"column":36},"end":{"line":140,"column":null}}],"line":140}},"s":{"0":2,"1":5,"2":5,"3":5,"4":5,"5":5,"6":5,"7":5,"8":5,"9":5,"10":1,"11":1,"12":1,"13":0,"14":1,"15":1,"16":1,"17":1,"18":5,"19":0,"20":0,"21":0,"22":0,"23":0,"24":0,"25":0,"26":0,"27":0,"28":0,"29":0,"30":0,"31":5,"32":0},"f":{"0":5,"1":1,"2":0,"3":0},"b":{"0":[3,2],"1":[5,3],"2":[5,0],"3":[5,5],"4":[0,1],"5":[0,0],"6":[0,0],"7":[5,0],"8":[5,3],"9":[5,5],"10":[5,3],"11":[5,3],"12":[5,3,3],"13":[0,5],"14":[2,3],"15":[5,5],"16":[5,5]},"meta":{"lastBranch":17,"lastFunction":4,"lastStatement":33,"seen":{"s:8:13:150:Infinity":0,"f:8:13:8:28":0,"s:9:24:9:32":1,"s:10:30:10:38":2,"s:11:19:11:31":3,"s:12:32:12:Infinity":4,"s:14:26:14:Infinity":5,"s:15:23:15:Infinity":6,"b:15:88:15:112:15:112:15:Infinity":0,"b:15:23:15:48:15:48:15:88":1,"s:18:25:18:Infinity":7,"b:18:67:18:94:18:94:18:Infinity":2,"s:19:23:19:Infinity":8,"b:19:23:19:46:19:46:19:Infinity":3,"s:21:26:31:Infinity":9,"f:21:26:21:33":1,"s:22:4:22:Infinity":10,"s:23:4:23:Infinity":11,"b:24:4:24:Infinity:undefined:undefined:undefined:undefined":4,"s:24:4:24:Infinity":12,"s:24:22:24:Infinity":13,"s:25:4:25:Infinity":14,"s:26:4:30:Infinity":15,"s:27:6:27:Infinity":16,"s:29:6:29:Infinity":17,"s:33:23:48:Infinity":18,"f:33:23:33:30":2,"s:34:4:34:Infinity":19,"s:35:4:35:Infinity":20,"b:36:4:36:Infinity:undefined:undefined:undefined:undefined":5,"s:36:4:36:Infinity":21,"s:36:22:36:Infinity":22,"b:37:4:40:Infinity:undefined:undefined:undefined:undefined":6,"s:37:4:40:Infinity":23,"s:38:6:38:Infinity":24,"s:39:6:39:Infinity":25,"s:41:4:41:Infinity":26,"s:42:4:47:Infinity":27,"s:43:6:43:Infinity":28,"s:44:6:44:Infinity":29,"s:46:6:46:Infinity":30,"s:50:2:148:Infinity":31,"b:53:29:53:43:53:43:53:64":7,"b:56:9:56:Infinity:57:10:59:Infinity":8,"b:65:17:65:37:65:37:65:Infinity":9,"f:68:12:68:22":3,"s:69:14:69:Infinity":32,"b:75:9:75:Infinity:76:10:78:Infinity":10,"b:93:11:93:Infinity:94:12:96:Infinity":11,"b:105:11:105:36:105:36:105:Infinity:106:12:110:Infinity":12,"b:115:12:116:32:116:14:123:Infinity":13,"b:117:12:121:13:121:12:123:Infinity":14,"b:132:20:132:36:132:36:132:Infinity":15,"b:140:20:140:36:140:36:140:Infinity":16},"fnNames":{}}}
,"C:\\Users\\jagathratchagan.ve\\OneDrive - IDP Education Ltd\\Documents\\E-Commerce\\ecommerce-frontend\\src\\components\\cards\\StatCard.jsx": {"path":"C:\\Users\\jagathratchagan.ve\\OneDrive - IDP Education Ltd\\Documents\\E-Commerce\\ecommerce-frontend\\src\\components\\cards\\StatCard.jsx","statementMap":{"0":{"start":{"line":3,"column":13},"end":{"line":28,"column":null}},"1":{"start":{"line":4,"column":17},"end":{"line":9,"column":null}},"2":{"start":{"line":11,"column":2},"end":{"line":26,"column":null}}},"fnMap":{"0":{"name":"(anonymous_0)","decl":{"start":{"line":3,"column":13},"end":{"line":3,"column":25}},"loc":{"start":{"line":3,"column":76},"end":{"line":28,"column":null}},"line":3}},"branchMap":{"0":{"loc":{"start":{"line":3,"column":55},"end":{"line":3,"column":76}},"type":"default-arg","locations":[{"start":{"line":3,"column":63},"end":{"line":3,"column":76}}],"line":3},"1":{"loc":{"start":{"line":16,"column":9},"end":{"line":19,"column":null}},"type":"binary-expr","locations":[{"start":{"line":16,"column":9},"end":{"line":16,"column":null}},{"start":{"line":17,"column":10},"end":{"line":19,"column":null}}],"line":16},"2":{"loc":{"start":{"line":23,"column":49},"end":{"line":23,"column":null}},"type":"binary-expr","locations":[{"start":{"line":23,"column":49},"end":{"line":23,"column":66}},{"start":{"line":23,"column":66},"end":{"line":23,"column":null}}],"line":23}},"s":{"0":2,"1":5,"2":5},"f":{"0":5},"b":{"0":[5],"1":[5,5],"2":[5,0]},"meta":{"lastBranch":3,"lastFunction":1,"lastStatement":3,"seen":{"s:3:13:28:Infinity":0,"f:3:13:3:25":0,"b:3:63:3:76":0,"s:4:17:9:Infinity":1,"s:11:2:26:Infinity":2,"b:16:9:16:Infinity:17:10:19:Infinity":1,"b:23:49:23:66:23:66:23:Infinity":2},"fnNames":{}}}
,"C:\\Users\\jagathratchagan.ve\\OneDrive - IDP Education Ltd\\Documents\\E-Commerce\\ecommerce-frontend\\src\\components\\common\\ConfirmationDialog.jsx": {"path":"C:\\Users\\jagathratchagan.ve\\OneDrive - IDP Education Ltd\\Documents\\E-Commerce\\ecommerce-frontend\\src\\components\\common\\ConfirmationDialog.jsx","statementMap":{"0":{"start":{"line":5,"column":13},"end":{"line":50,"column":null}},"1":{"start":{"line":15,"column":25},"end":{"line":19,"column":null}},"2":{"start":{"line":21,"column":2},"end":{"line":48,"column":null}}},"fnMap":{"0":{"name":"(anonymous_0)","decl":{"start":{"line":5,"column":13},"end":{"line":5,"column":35}},"loc":{"start":{"line":14,"column":6},"end":{"line":50,"column":null}},"line":14}},"branchMap":{"0":{"loc":{"start":{"line":9,"column":2},"end":{"line":9,"column":null}},"type":"default-arg","locations":[{"start":{"line":9,"column":10},"end":{"line":9,"column":null}}],"line":9},"1":{"loc":{"start":{"line":10,"column":2},"end":{"line":10,"column":null}},"type":"default-arg","locations":[{"start":{"line":10,"column":12},"end":{"line":10,"column":null}}],"line":10},"2":{"loc":{"start":{"line":11,"column":2},"end":{"line":11,"column":null}},"type":"default-arg","locations":[{"start":{"line":11,"column":16},"end":{"line":11,"column":null}}],"line":11},"3":{"loc":{"start":{"line":12,"column":2},"end":{"line":12,"column":null}},"type":"default-arg","locations":[{"start":{"line":12,"column":19},"end":{"line":12,"column":null}}],"line":12},"4":{"loc":{"start":{"line":13,"column":2},"end":{"line":13,"column":null}},"type":"default-arg","locations":[{"start":{"line":13,"column":12},"end":{"line":13,"column":null}}],"line":13},"5":{"loc":{"start":{"line":43,"column":113},"end":{"line":43,"column":null}},"type":"binary-expr","locations":[{"start":{"line":43,"column":113},"end":{"line":43,"column":147}},{"start":{"line":43,"column":147},"end":{"line":43,"column":null}}],"line":43},"6":{"loc":{"start":{"line":45,"column":11},"end":{"line":45,"column":null}},"type":"cond-expr","locations":[{"start":{"line":45,"column":21},"end":{"line":45,"column":39}},{"start":{"line":45,"column":39},"end":{"line":45,"column":null}}],"line":45}},"s":{"0":2,"1":3,"2":3},"f":{"0":3},"b":{"0":[3],"1":[3],"2":[3],"3":[3],"4":[3],"5":[3,0],"6":[0,3]},"meta":{"lastBranch":7,"lastFunction":1,"lastStatement":3,"seen":{"s:5:13:50:Infinity":0,"f:5:13:5:35":0,"b:9:10:9:Infinity":0,"b:10:12:10:Infinity":1,"b:11:16:11:Infinity":2,"b:12:19:12:Infinity":3,"b:13:12:13:Infinity":4,"s:15:25:19:Infinity":1,"s:21:2:48:Infinity":2,"b:43:113:43:147:43:147:43:Infinity":5,"b:45:21:45:39:45:39:45:Infinity":6},"fnNames":{}}}
,"C:\\Users\\jagathratchagan.ve\\OneDrive - IDP Education Ltd\\Documents\\E-Commerce\\ecommerce-frontend\\src\\components\\common\\EmptyState.jsx": {"path":"C:\\Users\\jagathratchagan.ve\\OneDrive - IDP Education Ltd\\Documents\\E-Commerce\\ecommerce-frontend\\src\\components\\common\\EmptyState.jsx","statementMap":{"0":{"start":{"line":5,"column":13},"end":{"line":36,"column":null}},"1":{"start":{"line":12,"column":25},"end":{"line":17,"column":null}},"2":{"start":{"line":19,"column":2},"end":{"line":34,"column":null}}},"fnMap":{"0":{"name":"(anonymous_0)","decl":{"start":{"line":5,"column":13},"end":{"line":5,"column":27}},"loc":{"start":{"line":11,"column":6},"end":{"line":36,"column":null}},"line":11}},"branchMap":{"0":{"loc":{"start":{"line":6,"column":2},"end":{"line":6,"column":null}},"type":"default-arg","locations":[{"start":{"line":6,"column":9},"end":{"line":6,"column":null}}],"line":6},"1":{"loc":{"start":{"line":7,"column":2},"end":{"line":7,"column":null}},"type":"default-arg","locations":[{"start":{"line":7,"column":10},"end":{"line":7,"column":null}}],"line":7},"2":{"loc":{"start":{"line":8,"column":2},"end":{"line":8,"column":null}},"type":"default-arg","locations":[{"start":{"line":8,"column":16},"end":{"line":8,"column":null}}],"line":8},"3":{"loc":{"start":{"line":9,"column":2},"end":{"line":9,"column":null}},"type":"default-arg","locations":[{"start":{"line":9,"column":15},"end":{"line":9,"column":null}}],"line":9},"4":{"loc":{"start":{"line":10,"column":2},"end":{"line":10,"column":null}},"type":"default-arg","locations":[{"start":{"line":10,"column":15},"end":{"line":10,"column":null}}],"line":10},"5":{"loc":{"start":{"line":22,"column":9},"end":{"line":22,"column":null}},"type":"binary-expr","locations":[{"start":{"line":22,"column":9},"end":{"line":22,"column":33}},{"start":{"line":22,"column":33},"end":{"line":22,"column":null}}],"line":22},"6":{"loc":{"start":{"line":26,"column":7},"end":{"line":32,"column":null}},"type":"binary-expr","locations":[{"start":{"line":26,"column":7},"end":{"line":26,"column":21}},{"start":{"line":26,"column":21},"end":{"line":26,"column":null}},{"start":{"line":27,"column":8},"end":{"line":32,"column":null}}],"line":26}},"s":{"0":3,"1":1,"2":1},"f":{"0":1},"b":{"0":[1],"1":[1],"2":[1],"3":[1],"4":[1],"5":[1,0],"6":[1,1,1]},"meta":{"lastBranch":7,"lastFunction":1,"lastStatement":3,"seen":{"s:5:13:36:Infinity":0,"f:5:13:5:27":0,"b:6:9:6:Infinity":0,"b:7:10:7:Infinity":1,"b:8:16:8:Infinity":2,"b:9:15:9:Infinity":3,"b:10:15:10:Infinity":4,"s:12:25:17:Infinity":1,"s:19:2:34:Infinity":2,"b:22:9:22:33:22:33:22:Infinity":5,"b:26:7:26:21:26:21:26:Infinity:27:8:32:Infinity":6},"fnNames":{}}}
,"C:\\Users\\jagathratchagan.ve\\OneDrive - IDP Education Ltd\\Documents\\E-Commerce\\ecommerce-frontend\\src\\components\\common\\Footer.jsx": {"path":"C:\\Users\\jagathratchagan.ve\\OneDrive - IDP Education Ltd\\Documents\\E-Commerce\\ecommerce-frontend\\src\\components\\common\\Footer.jsx","statementMap":{"0":{"start":{"line":5,"column":13},"end":{"line":106,"column":null}},"1":{"start":{"line":6,"column":2},"end":{"line":104,"column":null}}},"fnMap":{"0":{"name":"(anonymous_0)","decl":{"start":{"line":5,"column":13},"end":{"line":5,"column":28}},"loc":{"start":{"line":5,"column":28},"end":{"line":106,"column":null}},"line":5}},"branchMap":{},"s":{"0":1,"1":1},"f":{"0":1},"b":{},"meta":{"lastBranch":0,"lastFunction":1,"lastStatement":2,"seen":{"s:5:13:106:Infinity":0,"f:5:13:5:28":0,"s:6:2:104:Infinity":1},"fnNames":{}}}
,"C:\\Users\\jagathratchagan.ve\\OneDrive - IDP Education Ltd\\Documents\\E-Commerce\\ecommerce-frontend\\src\\components\\common\\LoadingSpinner.jsx": {"path":"C:\\Users\\jagathratchagan.ve\\OneDrive - IDP Education Ltd\\Documents\\E-Commerce\\ecommerce-frontend\\src\\components\\common\\LoadingSpinner.jsx","statementMap":{"0":{"start":{"line":3,"column":13},"end":{"line":18,"column":null}},"1":{"start":{"line":4,"column":22},"end":{"line":8,"column":null}},"2":{"start":{"line":10,"column":2},"end":{"line":16,"column":null}}},"fnMap":{"0":{"name":"(anonymous_0)","decl":{"start":{"line":3,"column":13},"end":{"line":3,"column":31}},"loc":{"start":{"line":3,"column":72},"end":{"line":18,"column":null}},"line":3}},"branchMap":{"0":{"loc":{"start":{"line":3,"column":33},"end":{"line":3,"column":46}},"type":"default-arg","locations":[{"start":{"line":3,"column":40},"end":{"line":3,"column":46}}],"line":3},"1":{"loc":{"start":{"line":3,"column":46},"end":{"line":3,"column":72}},"type":"default-arg","locations":[{"start":{"line":3,"column":53},"end":{"line":3,"column":72}}],"line":3},"2":{"loc":{"start":{"line":13,"column":22},"end":{"line":13,"column":58}},"type":"binary-expr","locations":[{"start":{"line":13,"column":22},"end":{"line":13,"column":43}},{"start":{"line":13,"column":43},"end":{"line":13,"column":58}}],"line":13},"3":{"loc":{"start":{"line":15,"column":7},"end":{"line":16,"column":null}},"type":"binary-expr","locations":[{"start":{"line":15,"column":7},"end":{"line":15,"column":15}},{"start":{"line":15,"column":15},"end":{"line":16,"column":null}}],"line":15}},"s":{"0":4,"1":4,"2":4},"f":{"0":4},"b":{"0":[4],"1":[4],"2":[4,0],"3":[4,4]},"meta":{"lastBranch":4,"lastFunction":1,"lastStatement":3,"seen":{"s:3:13:18:Infinity":0,"f:3:13:3:31":0,"b:3:40:3:46":0,"b:3:53:3:72":1,"s:4:22:8:Infinity":1,"s:10:2:16:Infinity":2,"b:13:22:13:43:13:43:13:58":2,"b:15:7:15:15:15:15:16:Infinity":3},"fnNames":{}}}
,"C:\\Users\\jagathratchagan.ve\\OneDrive - IDP Education Ltd\\Documents\\E-Commerce\\ecommerce-frontend\\src\\components\\common\\Modal.jsx": {"path":"C:\\Users\\jagathratchagan.ve\\OneDrive - IDP Education Ltd\\Documents\\E-Commerce\\ecommerce-frontend\\src\\components\\common\\Modal.jsx","statementMap":{"0":{"start":{"line":5,"column":13},"end":{"line":60,"column":null}},"1":{"start":{"line":6,"column":2},"end":{"line":18,"column":null}},"2":{"start":{"line":7,"column":10},"end":{"line":9,"column":null}},"3":{"start":{"line":8,"column":6},"end":{"line":8,"column":null}},"4":{"start":{"line":8,"column":30},"end":{"line":8,"column":null}},"5":{"start":{"line":10,"column":4},"end":{"line":13,"column":null}},"6":{"start":{"line":11,"column":6},"end":{"line":11,"column":null}},"7":{"start":{"line":12,"column":6},"end":{"line":12,"column":null}},"8":{"start":{"line":14,"column":4},"end":{"line":17,"column":null}},"9":{"start":{"line":15,"column":6},"end":{"line":15,"column":null}},"10":{"start":{"line":16,"column":6},"end":{"line":16,"column":null}},"11":{"start":{"line":20,"column":2},"end":{"line":58,"column":null}}},"fnMap":{"0":{"name":"(anonymous_0)","decl":{"start":{"line":5,"column":13},"end":{"line":5,"column":22}},"loc":{"start":{"line":5,"column":86},"end":{"line":60,"column":null}},"line":5},"1":{"name":"(anonymous_1)","decl":{"start":{"line":6,"column":2},"end":{"line":6,"column":18}},"loc":{"start":{"line":6,"column":18},"end":{"line":18,"column":5}},"line":6},"2":{"name":"(anonymous_2)","decl":{"start":{"line":7,"column":10},"end":{"line":7,"column":27}},"loc":{"start":{"line":7,"column":33},"end":{"line":9,"column":null}},"line":7},"3":{"name":"(anonymous_3)","decl":{"start":{"line":14,"column":4},"end":{"line":14,"column":17}},"loc":{"start":{"line":14,"column":17},"end":{"line":17,"column":null}},"line":14}},"branchMap":{"0":{"loc":{"start":{"line":5,"column":58},"end":{"line":5,"column":86}},"type":"default-arg","locations":[{"start":{"line":5,"column":69},"end":{"line":5,"column":86}}],"line":5},"1":{"loc":{"start":{"line":8,"column":6},"end":{"line":8,"column":null}},"type":"if","locations":[{"start":{"line":8,"column":6},"end":{"line":8,"column":null}},{"start":{},"end":{}}],"line":8},"2":{"loc":{"start":{"line":10,"column":4},"end":{"line":13,"column":null}},"type":"if","locations":[{"start":{"line":10,"column":4},"end":{"line":13,"column":null}},{"start":{},"end":{}}],"line":10},"3":{"loc":{"start":{"line":22,"column":7},"end":{"line":58,"column":null}},"type":"binary-expr","locations":[{"start":{"line":22,"column":7},"end":{"line":22,"column":null}},{"start":{"line":23,"column":8},"end":{"line":58,"column":null}}],"line":22}},"s":{"0":3,"1":13,"2":8,"3":0,"4":0,"5":8,"6":4,"7":4,"8":8,"9":8,"10":8,"11":13},"f":{"0":13,"1":8,"2":0,"3":8},"b":{"0":[13],"1":[0,0],"2":[4,4],"3":[13,8]},"meta":{"lastBranch":4,"lastFunction":4,"lastStatement":12,"seen":{"s:5:13:60:Infinity":0,"f:5:13:5:22":0,"b:5:69:5:86":0,"s:6:2:18:Infinity":1,"f:6:2:6:18":1,"s:7:10:9:Infinity":2,"f:7:10:7:27":2,"b:8:6:8:Infinity:undefined:undefined:undefined:undefined":1,"s:8:6:8:Infinity":3,"s:8:30:8:Infinity":4,"b:10:4:13:Infinity:undefined:undefined:undefined:undefined":2,"s:10:4:13:Infinity":5,"s:11:6:11:Infinity":6,"s:12:6:12:Infinity":7,"s:14:4:17:Infinity":8,"f:14:4:14:17":3,"s:15:6:15:Infinity":9,"s:16:6:16:Infinity":10,"s:20:2:58:Infinity":11,"b:22:7:22:Infinity:23:8:58:Infinity":3},"fnNames":{}}}
,"C:\\Users\\jagathratchagan.ve\\OneDrive - IDP Education Ltd\\Documents\\E-Commerce\\ecommerce-frontend\\src\\components\\common\\Navbar.jsx": {"path":"C:\\Users\\jagathratchagan.ve\\OneDrive - IDP Education Ltd\\Documents\\E-Commerce\\ecommerce-frontend\\src\\components\\common\\Navbar.jsx","statementMap":{"0":{"start":{"line":15,"column":13},"end":{"line":78,"column":null}},"1":{"start":{"line":16,"column":64},"end":{"line":16,"column":76}},"2":{"start":{"line":17,"column":19},"end":{"line":17,"column":31}},"3":{"start":{"line":19,"column":24},"end":{"line":27,"column":null}},"4":{"start":{"line":29,"column":8},"end":{"line":32,"column":null}},"5":{"start":{"line":30,"column":4},"end":{"line":30,"column":null}},"6":{"start":{"line":31,"column":4},"end":{"line":31,"column":null}},"7":{"start":{"line":34,"column":2},"end":{"line":76,"column":null}},"8":{"start":{"line":41,"column":27},"end":{"line":41,"column":null}},"9":{"start":{"line":55,"column":34},"end":{"line":55,"column":45}},"10":{"start":{"line":56,"column":12},"end":{"line":71,"column":null}},"11":{"start":{"line":58,"column":29},"end":{"line":58,"column":null}}},"fnMap":{"0":{"name":"(anonymous_0)","decl":{"start":{"line":15,"column":13},"end":{"line":15,"column":28}},"loc":{"start":{"line":15,"column":28},"end":{"line":78,"column":null}},"line":15},"1":{"name":"(anonymous_1)","decl":{"start":{"line":29,"column":8},"end":{"line":29,"column":32}},"loc":{"start":{"line":29,"column":40},"end":{"line":32,"column":null}},"line":29},"2":{"name":"(anonymous_2)","decl":{"start":{"line":41,"column":12},"end":{"line":41,"column":27}},"loc":{"start":{"line":41,"column":27},"end":{"line":41,"column":null}},"line":41},"3":{"name":"(anonymous_3)","decl":{"start":{"line":55,"column":22},"end":{"line":55,"column":29}},"loc":{"start":{"line":55,"column":34},"end":{"line":55,"column":45}},"line":55},"4":{"name":"(anonymous_4)","decl":{"start":{"line":55,"column":47},"end":{"line":55,"column":52}},"loc":{"start":{"line":56,"column":12},"end":{"line":71,"column":null}},"line":56},"5":{"name":"(anonymous_5)","decl":{"start":{"line":58,"column":14},"end":{"line":58,"column":29}},"loc":{"start":{"line":58,"column":29},"end":{"line":58,"column":null}},"line":58}},"branchMap":{"0":{"loc":{"start":{"line":43,"column":14},"end":{"line":43,"column":null}},"type":"cond-expr","locations":[{"start":{"line":43,"column":43},"end":{"line":43,"column":90}},{"start":{"line":43,"column":90},"end":{"line":43,"column":null}}],"line":43},"1":{"loc":{"start":{"line":47,"column":14},"end":{"line":47,"column":null}},"type":"cond-expr","locations":[{"start":{"line":47,"column":43},"end":{"line":47,"column":79}},{"start":{"line":47,"column":79},"end":{"line":47,"column":null}}],"line":47},"2":{"loc":{"start":{"line":60,"column":16},"end":{"line":60,"column":null}},"type":"cond-expr","locations":[{"start":{"line":60,"column":43},"end":{"line":60,"column":90}},{"start":{"line":60,"column":90},"end":{"line":60,"column":null}}],"line":60},"3":{"loc":{"start":{"line":64,"column":16},"end":{"line":64,"column":null}},"type":"cond-expr","locations":[{"start":{"line":64,"column":43},"end":{"line":64,"column":79}},{"start":{"line":64,"column":79},"end":{"line":64,"column":null}}],"line":64},"4":{"loc":{"start":{"line":66,"column":17},"end":{"line":66,"column":null}},"type":"binary-expr","locations":[{"start":{"line":66,"column":17},"end":{"line":66,"column":39}},{"start":{"line":66,"column":39},"end":{"line":66,"column":null}}],"line":66}},"s":{"0":1,"1":1,"2":1,"3":1,"4":1,"5":0,"6":0,"7":1,"8":0,"9":2,"10":2,"11":0},"f":{"0":1,"1":0,"2":0,"3":2,"4":2,"5":0},"b":{"0":[0,1],"1":[0,1],"2":[0,2],"3":[0,2],"4":[2,1]},"meta":{"lastBranch":5,"lastFunction":6,"lastStatement":12,"seen":{"s:15:13:78:Infinity":0,"f:15:13:15:28":0,"s:16:64:16:76":1,"s:17:19:17:31":2,"s:19:24:27:Infinity":3,"s:29:8:32:Infinity":4,"f:29:8:29:32":1,"s:30:4:30:Infinity":5,"s:31:4:31:Infinity":6,"s:34:2:76:Infinity":7,"f:41:12:41:27":2,"s:41:27:41:Infinity":8,"b:43:43:43:90:43:90:43:Infinity":0,"b:47:43:47:79:47:79:47:Infinity":1,"f:55:22:55:29":3,"s:55:34:55:45":9,"f:55:47:55:52":4,"s:56:12:71:Infinity":10,"f:58:14:58:29":5,"s:58:29:58:Infinity":11,"b:60:43:60:90:60:90:60:Infinity":2,"b:64:43:64:79:64:79:64:Infinity":3,"b:66:17:66:39:66:39:66:Infinity":4},"fnNames":{}}}
,"C:\\Users\\jagathratchagan.ve\\OneDrive - IDP Education Ltd\\Documents\\E-Commerce\\ecommerce-frontend\\src\\components\\common\\Pagination.jsx": {"path":"C:\\Users\\jagathratchagan.ve\\OneDrive - IDP Education Ltd\\Documents\\E-Commerce\\ecommerce-frontend\\src\\components\\common\\Pagination.jsx","statementMap":{"0":{"start":{"line":4,"column":13},"end":{"line":49,"column":null}},"1":{"start":{"line":11,"column":2},"end":{"line":11,"column":null}},"2":{"start":{"line":11,"column":23},"end":{"line":11,"column":null}},"3":{"start":{"line":13,"column":8},"end":{"line":13,"column":null}},"4":{"start":{"line":14,"column":18},"end":{"line":14,"column":null}},"5":{"start":{"line":16,"column":2},"end":{"line":47,"column":null}},"6":{"start":{"line":29,"column":25},"end":{"line":29,"column":null}},"7":{"start":{"line":41,"column":25},"end":{"line":41,"column":null}}},"fnMap":{"0":{"name":"(anonymous_0)","decl":{"start":{"line":4,"column":13},"end":{"line":4,"column":27}},"loc":{"start":{"line":10,"column":6},"end":{"line":49,"column":null}},"line":10},"1":{"name":"(anonymous_1)","decl":{"start":{"line":29,"column":10},"end":{"line":29,"column":25}},"loc":{"start":{"line":29,"column":25},"end":{"line":29,"column":null}},"line":29},"2":{"name":"(anonymous_2)","decl":{"start":{"line":41,"column":10},"end":{"line":41,"column":25}},"loc":{"start":{"line":41,"column":25},"end":{"line":41,"column":null}},"line":41}},"branchMap":{"0":{"loc":{"start":{"line":11,"column":2},"end":{"line":11,"column":null}},"type":"if","locations":[{"start":{"line":11,"column":2},"end":{"line":11,"column":null}},{"start":{},"end":{}}],"line":11},"1":{"loc":{"start":{"line":18,"column":7},"end":{"line":26,"column":7}},"type":"binary-expr","locations":[{"start":{"line":18,"column":7},"end":{"line":18,"column":null}},{"start":{"line":19,"column":8},"end":{"line":26,"column":7}}],"line":18}},"s":{"0":3,"1":9,"2":8,"3":1,"4":1,"5":1,"6":0,"7":1},"f":{"0":9,"1":0,"2":1},"b":{"0":[8,1],"1":[1,1]},"meta":{"lastBranch":2,"lastFunction":3,"lastStatement":8,"seen":{"s:4:13:49:Infinity":0,"f:4:13:4:27":0,"b:11:2:11:Infinity:undefined:undefined:undefined:undefined":0,"s:11:2:11:Infinity":1,"s:11:23:11:Infinity":2,"s:13:8:13:Infinity":3,"s:14:18:14:Infinity":4,"s:16:2:47:Infinity":5,"b:18:7:18:Infinity:19:8:26:7":1,"f:29:10:29:25":1,"s:29:25:29:Infinity":6,"f:41:10:41:25":2,"s:41:25:41:Infinity":7},"fnNames":{}}}
,"C:\\Users\\jagathratchagan.ve\\OneDrive - IDP Education Ltd\\Documents\\E-Commerce\\ecommerce-frontend\\src\\components\\common\\SkeletonLoader.jsx": {"path":"C:\\Users\\jagathratchagan.ve\\OneDrive - IDP Education Ltd\\Documents\\E-Commerce\\ecommerce-frontend\\src\\components\\common\\SkeletonLoader.jsx","statementMap":{"0":{"start":{"line":3,"column":13},"end":{"line":15,"column":null}},"1":{"start":{"line":4,"column":2},"end":{"line":13,"column":null}},"2":{"start":{"line":17,"column":13},"end":{"line":27,"column":null}},"3":{"start":{"line":18,"column":2},"end":{"line":25,"column":null}},"4":{"start":{"line":21,"column":8},"end":{"line":23,"column":null}}},"fnMap":{"0":{"name":"(anonymous_0)","decl":{"start":{"line":3,"column":13},"end":{"line":3,"column":41}},"loc":{"start":{"line":3,"column":41},"end":{"line":15,"column":null}},"line":3},"1":{"name":"(anonymous_1)","decl":{"start":{"line":17,"column":13},"end":{"line":17,"column":33}},"loc":{"start":{"line":17,"column":53},"end":{"line":27,"column":null}},"line":17},"2":{"name":"(anonymous_2)","decl":{"start":{"line":20,"column":39},"end":{"line":20,"column":44}},"loc":{"start":{"line":21,"column":8},"end":{"line":23,"column":null}},"line":21}},"branchMap":{"0":{"loc":{"start":{"line":17,"column":35},"end":{"line":17,"column":53}},"type":"default-arg","locations":[{"start":{"line":17,"column":45},"end":{"line":17,"column":53}}],"line":17}},"s":{"0":4,"1":1,"2":4,"3":16,"4":98},"f":{"0":1,"1":16,"2":98},"b":{"0":[16]},"meta":{"lastBranch":1,"lastFunction":3,"lastStatement":5,"seen":{"s:3:13:15:Infinity":0,"f:3:13:3:41":0,"s:4:2:13:Infinity":1,"s:17:13:27:Infinity":2,"f:17:13:17:33":1,"b:17:45:17:53":0,"s:18:2:25:Infinity":3,"f:20:39:20:44":2,"s:21:8:23:Infinity":4},"fnNames":{}}}
,"C:\\Users\\jagathratchagan.ve\\OneDrive - IDP Education Ltd\\Documents\\E-Commerce\\ecommerce-frontend\\src\\components\\forms\\InventoryFormModal.jsx": {"path":"C:\\Users\\jagathratchagan.ve\\OneDrive - IDP Education Ltd\\Documents\\E-Commerce\\ecommerce-frontend\\src\\components\\forms\\InventoryFormModal.jsx","statementMap":{"0":{"start":{"line":5,"column":13},"end":{"line":108,"column":null}},"1":{"start":{"line":11,"column":6},"end":{"line":17,"column":null}},"2":{"start":{"line":19,"column":2},"end":{"line":27,"column":null}},"3":{"start":{"line":20,"column":4},"end":{"line":26,"column":null}},"4":{"start":{"line":21,"column":6},"end":{"line":25,"column":null}},"5":{"start":{"line":29,"column":8},"end":{"line":35,"column":null}},"6":{"start":{"line":30,"column":4},"end":{"line":34,"column":null}},"7":{"start":{"line":37,"column":2},"end":{"line":106,"column":null}}},"fnMap":{"0":{"name":"(anonymous_0)","decl":{"start":{"line":5,"column":13},"end":{"line":5,"column":35}},"loc":{"start":{"line":5,"column":108},"end":{"line":108,"column":null}},"line":5},"1":{"name":"(anonymous_1)","decl":{"start":{"line":19,"column":2},"end":{"line":19,"column":18}},"loc":{"start":{"line":19,"column":18},"end":{"line":27,"column":5}},"line":19},"2":{"name":"(anonymous_2)","decl":{"start":{"line":29,"column":8},"end":{"line":29,"column":28}},"loc":{"start":{"line":29,"column":37},"end":{"line":35,"column":null}},"line":29}},"branchMap":{"0":{"loc":{"start":{"line":5,"column":64},"end":{"line":5,"column":86}},"type":"default-arg","locations":[{"start":{"line":5,"column":80},"end":{"line":5,"column":86}}],"line":5},"1":{"loc":{"start":{"line":5,"column":86},"end":{"line":5,"column":108}},"type":"default-arg","locations":[{"start":{"line":5,"column":96},"end":{"line":5,"column":108}}],"line":5},"2":{"loc":{"start":{"line":20,"column":4},"end":{"line":26,"column":null}},"type":"if","locations":[{"start":{"line":20,"column":4},"end":{"line":26,"column":null}},{"start":{},"end":{}}],"line":20},"3":{"loc":{"start":{"line":22,"column":20},"end":{"line":22,"column":null}},"type":"binary-expr","locations":[{"start":{"line":22,"column":20},"end":{"line":22,"column":48}},{"start":{"line":22,"column":48},"end":{"line":22,"column":null}}],"line":22},"4":{"loc":{"start":{"line":23,"column":24},"end":{"line":23,"column":null}},"type":"binary-expr","locations":[{"start":{"line":23,"column":24},"end":{"line":23,"column":56}},{"start":{"line":23,"column":56},"end":{"line":23,"column":null}}],"line":23},"5":{"loc":{"start":{"line":24,"column":23},"end":{"line":24,"column":null}},"type":"binary-expr","locations":[{"start":{"line":24,"column":23},"end":{"line":24,"column":54}},{"start":{"line":24,"column":54},"end":{"line":24,"column":null}}],"line":24},"6":{"loc":{"start":{"line":41,"column":34},"end":{"line":41,"column":null}},"type":"binary-expr","locations":[{"start":{"line":41,"column":34},"end":{"line":41,"column":62}},{"start":{"line":41,"column":62},"end":{"line":41,"column":null}}],"line":41},"7":{"loc":{"start":{"line":57,"column":11},"end":{"line":57,"column":null}},"type":"binary-expr","locations":[{"start":{"line":57,"column":11},"end":{"line":57,"column":32}},{"start":{"line":57,"column":32},"end":{"line":57,"column":null}}],"line":57},"8":{"loc":{"start":{"line":71,"column":11},"end":{"line":71,"column":null}},"type":"binary-expr","locations":[{"start":{"line":71,"column":11},"end":{"line":71,"column":36}},{"start":{"line":71,"column":36},"end":{"line":71,"column":null}}],"line":71},"9":{"loc":{"start":{"line":101,"column":13},"end":{"line":101,"column":null}},"type":"cond-expr","locations":[{"start":{"line":101,"column":23},"end":{"line":101,"column":39}},{"start":{"line":101,"column":39},"end":{"line":101,"column":null}}],"line":101}},"s":{"0":2,"1":3,"2":3,"3":1,"4":1,"5":3,"6":1,"7":3},"f":{"0":3,"1":1,"2":1},"b":{"0":[3],"1":[3],"2":[1,0],"3":[1,0],"4":[1,0],"5":[1,1],"6":[3,0],"7":[3,0],"8":[3,0],"9":[0,3]},"meta":{"lastBranch":10,"lastFunction":3,"lastStatement":8,"seen":{"s:5:13:108:Infinity":0,"f:5:13:5:35":0,"b:5:80:5:86":0,"b:5:96:5:108":1,"s:11:6:17:Infinity":1,"s:19:2:27:Infinity":2,"f:19:2:19:18":1,"b:20:4:26:Infinity:undefined:undefined:undefined:undefined":2,"s:20:4:26:Infinity":3,"s:21:6:25:Infinity":4,"b:22:20:22:48:22:48:22:Infinity":3,"b:23:24:23:56:23:56:23:Infinity":4,"b:24:23:24:54:24:54:24:Infinity":5,"s:29:8:35:Infinity":5,"f:29:8:29:28":2,"s:30:4:34:Infinity":6,"s:37:2:106:Infinity":7,"b:41:34:41:62:41:62:41:Infinity":6,"b:57:11:57:32:57:32:57:Infinity":7,"b:71:11:71:36:71:36:71:Infinity":8,"b:101:23:101:39:101:39:101:Infinity":9},"fnNames":{}}}
,"C:\\Users\\jagathratchagan.ve\\OneDrive - IDP Education Ltd\\Documents\\E-Commerce\\ecommerce-frontend\\src\\components\\forms\\ProductFormModal.jsx": {"path":"C:\\Users\\jagathratchagan.ve\\OneDrive - IDP Education Ltd\\Documents\\E-Commerce\\ecommerce-frontend\\src\\components\\forms\\ProductFormModal.jsx","statementMap":{"0":{"start":{"line":5,"column":13},"end":{"line":218,"column":null}},"1":{"start":{"line":11,"column":6},"end":{"line":22,"column":null}},"2":{"start":{"line":24,"column":2},"end":{"line":48,"column":null}},"3":{"start":{"line":25,"column":4},"end":{"line":47,"column":null}},"4":{"start":{"line":26,"column":6},"end":{"line":35,"column":null}},"5":{"start":{"line":37,"column":6},"end":{"line":46,"column":null}},"6":{"start":{"line":50,"column":8},"end":{"line":56,"column":null}},"7":{"start":{"line":51,"column":4},"end":{"line":55,"column":null}},"8":{"start":{"line":58,"column":2},"end":{"line":216,"column":null}}},"fnMap":{"0":{"name":"(anonymous_0)","decl":{"start":{"line":5,"column":13},"end":{"line":5,"column":33}},"loc":{"start":{"line":5,"column":104},"end":{"line":218,"column":null}},"line":5},"1":{"name":"(anonymous_1)","decl":{"start":{"line":24,"column":2},"end":{"line":24,"column":18}},"loc":{"start":{"line":24,"column":18},"end":{"line":48,"column":5}},"line":24},"2":{"name":"(anonymous_2)","decl":{"start":{"line":50,"column":8},"end":{"line":50,"column":28}},"loc":{"start":{"line":50,"column":37},"end":{"line":56,"column":null}},"line":50}},"branchMap":{"0":{"loc":{"start":{"line":5,"column":62},"end":{"line":5,"column":82}},"type":"default-arg","locations":[{"start":{"line":5,"column":76},"end":{"line":5,"column":82}}],"line":5},"1":{"loc":{"start":{"line":5,"column":82},"end":{"line":5,"column":104}},"type":"default-arg","locations":[{"start":{"line":5,"column":92},"end":{"line":5,"column":104}}],"line":5},"2":{"loc":{"start":{"line":25,"column":4},"end":{"line":47,"column":null}},"type":"if","locations":[{"start":{"line":25,"column":4},"end":{"line":47,"column":null}},{"start":{"line":36,"column":11},"end":{"line":47,"column":null}}],"line":25},"3":{"loc":{"start":{"line":27,"column":14},"end":{"line":27,"column":null}},"type":"binary-expr","locations":[{"start":{"line":27,"column":14},"end":{"line":27,"column":34}},{"start":{"line":27,"column":34},"end":{"line":27,"column":null}}],"line":27},"4":{"loc":{"start":{"line":28,"column":15},"end":{"line":28,"column":null}},"type":"binary-expr","locations":[{"start":{"line":28,"column":15},"end":{"line":28,"column":36}},{"start":{"line":28,"column":36},"end":{"line":28,"column":null}}],"line":28},"5":{"loc":{"start":{"line":29,"column":18},"end":{"line":29,"column":null}},"type":"binary-expr","locations":[{"start":{"line":29,"column":18},"end":{"line":29,"column":42}},{"start":{"line":29,"column":42},"end":{"line":29,"column":null}}],"line":29},"6":{"loc":{"start":{"line":30,"column":21},"end":{"line":30,"column":null}},"type":"binary-expr","locations":[{"start":{"line":30,"column":21},"end":{"line":30,"column":48}},{"start":{"line":30,"column":48},"end":{"line":30,"column":null}}],"line":30},"7":{"loc":{"start":{"line":31,"column":15},"end":{"line":31,"column":null}},"type":"binary-expr","locations":[{"start":{"line":31,"column":15},"end":{"line":31,"column":36}},{"start":{"line":31,"column":36},"end":{"line":31,"column":null}}],"line":31},"8":{"loc":{"start":{"line":32,"column":23},"end":{"line":32,"column":null}},"type":"binary-expr","locations":[{"start":{"line":32,"column":23},"end":{"line":32,"column":52}},{"start":{"line":32,"column":52},"end":{"line":32,"column":null}}],"line":32},"9":{"loc":{"start":{"line":33,"column":18},"end":{"line":33,"column":null}},"type":"binary-expr","locations":[{"start":{"line":33,"column":18},"end":{"line":33,"column":42}},{"start":{"line":33,"column":42},"end":{"line":33,"column":null}}],"line":33},"10":{"loc":{"start":{"line":34,"column":16},"end":{"line":34,"column":null}},"type":"binary-expr","locations":[{"start":{"line":34,"column":16},"end":{"line":34,"column":38}},{"start":{"line":34,"column":38},"end":{"line":34,"column":null}}],"line":34},"11":{"loc":{"start":{"line":54,"column":28},"end":{"line":54,"column":51}},"type":"binary-expr","locations":[{"start":{"line":54,"column":28},"end":{"line":54,"column":50}},{"start":{"line":54,"column":50},"end":{"line":54,"column":51}}],"line":54},"12":{"loc":{"start":{"line":62,"column":13},"end":{"line":62,"column":null}},"type":"cond-expr","locations":[{"start":{"line":62,"column":27},"end":{"line":62,"column":44}},{"start":{"line":62,"column":44},"end":{"line":62,"column":null}}],"line":62},"13":{"loc":{"start":{"line":80,"column":13},"end":{"line":80,"column":null}},"type":"binary-expr","locations":[{"start":{"line":80,"column":13},"end":{"line":80,"column":28}},{"start":{"line":80,"column":28},"end":{"line":80,"column":null}}],"line":80},"14":{"loc":{"start":{"line":94,"column":13},"end":{"line":94,"column":null}},"type":"binary-expr","locations":[{"start":{"line":94,"column":13},"end":{"line":94,"column":29}},{"start":{"line":94,"column":29},"end":{"line":94,"column":null}}],"line":94},"15":{"loc":{"start":{"line":150,"column":13},"end":{"line":150,"column":null}},"type":"binary-expr","locations":[{"start":{"line":150,"column":13},"end":{"line":150,"column":29}},{"start":{"line":150,"column":29},"end":{"line":150,"column":null}}],"line":150},"16":{"loc":{"start":{"line":181,"column":11},"end":{"line":181,"column":null}},"type":"binary-expr","locations":[{"start":{"line":181,"column":11},"end":{"line":181,"column":30}},{"start":{"line":181,"column":30},"end":{"line":181,"column":null}}],"line":181},"17":{"loc":{"start":{"line":211,"column":13},"end":{"line":211,"column":null}},"type":"cond-expr","locations":[{"start":{"line":211,"column":23},"end":{"line":211,"column":37}},{"start":{"line":211,"column":37},"end":{"line":211,"column":null}}],"line":211},"18":{"loc":{"start":{"line":211,"column":37},"end":{"line":211,"column":null}},"type":"cond-expr","locations":[{"start":{"line":211,"column":51},"end":{"line":211,"column":70}},{"start":{"line":211,"column":70},"end":{"line":211,"column":null}}],"line":211}},"s":{"0":2,"1":5,"2":5,"3":2,"4":0,"5":2,"6":5,"7":1,"8":5},"f":{"0":5,"1":2,"2":1},"b":{"0":[5],"1":[5],"2":[0,2],"3":[0,0],"4":[0,0],"5":[0,0],"6":[0,0],"7":[0,0],"8":[0,0],"9":[0,0],"10":[0,0],"11":[1,1],"12":[0,5],"13":[5,0],"14":[5,0],"15":[5,0],"16":[5,0],"17":[0,5],"18":[0,5]},"meta":{"lastBranch":19,"lastFunction":3,"lastStatement":9,"seen":{"s:5:13:218:Infinity":0,"f:5:13:5:33":0,"b:5:76:5:82":0,"b:5:92:5:104":1,"s:11:6:22:Infinity":1,"s:24:2:48:Infinity":2,"f:24:2:24:18":1,"b:25:4:47:Infinity:36:11:47:Infinity":2,"s:25:4:47:Infinity":3,"s:26:6:35:Infinity":4,"b:27:14:27:34:27:34:27:Infinity":3,"b:28:15:28:36:28:36:28:Infinity":4,"b:29:18:29:42:29:42:29:Infinity":5,"b:30:21:30:48:30:48:30:Infinity":6,"b:31:15:31:36:31:36:31:Infinity":7,"b:32:23:32:52:32:52:32:Infinity":8,"b:33:18:33:42:33:42:33:Infinity":9,"b:34:16:34:38:34:38:34:Infinity":10,"s:37:6:46:Infinity":5,"s:50:8:56:Infinity":6,"f:50:8:50:28":2,"s:51:4:55:Infinity":7,"b:54:28:54:50:54:50:54:51":11,"s:58:2:216:Infinity":8,"b:62:27:62:44:62:44:62:Infinity":12,"b:80:13:80:28:80:28:80:Infinity":13,"b:94:13:94:29:94:29:94:Infinity":14,"b:150:13:150:29:150:29:150:Infinity":15,"b:181:11:181:30:181:30:181:Infinity":16,"b:211:23:211:37:211:37:211:Infinity":17,"b:211:51:211:70:211:70:211:Infinity":18},"fnNames":{}}}
,"C:\\Users\\jagathratchagan.ve\\OneDrive - IDP Education Ltd\\Documents\\E-Commerce\\ecommerce-frontend\\src\\components\\tables\\DataTable.jsx": {"path":"C:\\Users\\jagathratchagan.ve\\OneDrive - IDP Education Ltd\\Documents\\E-Commerce\\ecommerce-frontend\\src\\components\\tables\\DataTable.jsx","statementMap":{"0":{"start":{"line":6,"column":13},"end":{"line":144,"column":null}},"1":{"start":{"line":13,"column":30},"end":{"line":13,"column":null}},"2":{"start":{"line":14,"column":40},"end":{"line":14,"column":null}},"3":{"start":{"line":15,"column":36},"end":{"line":15,"column":null}},"4":{"start":{"line":16,"column":44},"end":{"line":16,"column":null}},"5":{"start":{"line":19,"column":23},"end":{"line":30,"column":null}},"6":{"start":{"line":20,"column":4},"end":{"line":20,"column":null}},"7":{"start":{"line":20,"column":24},"end":{"line":20,"column":null}},"8":{"start":{"line":21,"column":18},"end":{"line":21,"column":null}},"9":{"start":{"line":22,"column":4},"end":{"line":29,"column":null}},"10":{"start":{"line":23,"column":6},"end":{"line":28,"column":null}},"11":{"start":{"line":25,"column":10},"end":{"line":27,"column":null}},"12":{"start":{"line":33,"column":21},"end":{"line":43,"column":null}},"13":{"start":{"line":34,"column":4},"end":{"line":34,"column":null}},"14":{"start":{"line":34,"column":20},"end":{"line":34,"column":null}},"15":{"start":{"line":35,"column":4},"end":{"line":42,"column":null}},"16":{"start":{"line":36,"column":19},"end":{"line":36,"column":null}},"17":{"start":{"line":37,"column":19},"end":{"line":37,"column":null}},"18":{"start":{"line":39,"column":6},"end":{"line":39,"column":null}},"19":{"start":{"line":39,"column":23},"end":{"line":39,"column":null}},"20":{"start":{"line":40,"column":6},"end":{"line":40,"column":null}},"21":{"start":{"line":40,"column":23},"end":{"line":40,"column":null}},"22":{"start":{"line":41,"column":6},"end":{"line":41,"column":null}},"23":{"start":{"line":46,"column":21},"end":{"line":46,"column":null}},"24":{"start":{"line":47,"column":24},"end":{"line":50,"column":null}},"25":{"start":{"line":48,"column":10},"end":{"line":48,"column":null}},"26":{"start":{"line":49,"column":4},"end":{"line":49,"column":null}},"27":{"start":{"line":52,"column":8},"end":{"line":59,"column":null}},"28":{"start":{"line":53,"column":4},"end":{"line":58,"column":null}},"29":{"start":{"line":54,"column":6},"end":{"line":54,"column":null}},"30":{"start":{"line":56,"column":6},"end":{"line":56,"column":null}},"31":{"start":{"line":57,"column":6},"end":{"line":57,"column":null}},"32":{"start":{"line":61,"column":2},"end":{"line":142,"column":null}},"33":{"start":{"line":71,"column":14},"end":{"line":71,"column":null}},"34":{"start":{"line":72,"column":14},"end":{"line":72,"column":null}},"35":{"start":{"line":88,"column":16},"end":{"line":99,"column":null}},"36":{"start":{"line":90,"column":33},"end":{"line":90,"column":null}},"37":{"start":{"line":107,"column":16},"end":{"line":107,"column":null}},"38":{"start":{"line":111,"column":16},"end":{"line":117,"column":null}},"39":{"start":{"line":113,"column":20},"end":{"line":115,"column":null}},"40":{"start":{"line":136,"column":34},"end":{"line":136,"column":null}}},"fnMap":{"0":{"name":"(anonymous_0)","decl":{"start":{"line":6,"column":13},"end":{"line":6,"column":26}},"loc":{"start":{"line":12,"column":6},"end":{"line":144,"column":null}},"line":12},"1":{"name":"(anonymous_1)","decl":{"start":{"line":19,"column":23},"end":{"line":19,"column":37}},"loc":{"start":{"line":19,"column":37},"end":{"line":30,"column":5}},"line":19},"2":{"name":"(anonymous_2)","decl":{"start":{"line":22,"column":16},"end":{"line":22,"column":24}},"loc":{"start":{"line":23,"column":6},"end":{"line":28,"column":null}},"line":23},"3":{"name":"(anonymous_3)","decl":{"start":{"line":23,"column":25},"end":{"line":23,"column":null}},"loc":{"start":{"line":25,"column":10},"end":{"line":27,"column":null}},"line":25},"4":{"name":"(anonymous_4)","decl":{"start":{"line":33,"column":21},"end":{"line":33,"column":35}},"loc":{"start":{"line":33,"column":35},"end":{"line":43,"column":5}},"line":33},"5":{"name":"(anonymous_5)","decl":{"start":{"line":35,"column":29},"end":{"line":35,"column":35}},"loc":{"start":{"line":35,"column":44},"end":{"line":42,"column":5}},"line":35},"6":{"name":"(anonymous_6)","decl":{"start":{"line":47,"column":24},"end":{"line":47,"column":38}},"loc":{"start":{"line":47,"column":38},"end":{"line":50,"column":5}},"line":47},"7":{"name":"(anonymous_7)","decl":{"start":{"line":52,"column":8},"end":{"line":52,"column":22}},"loc":{"start":{"line":52,"column":30},"end":{"line":59,"column":null}},"line":52},"8":{"name":"(anonymous_8)","decl":{"start":{"line":70,"column":12},"end":{"line":70,"column":23}},"loc":{"start":{"line":70,"column":29},"end":{"line":73,"column":null}},"line":70},"9":{"name":"(anonymous_9)","decl":{"start":{"line":87,"column":23},"end":{"line":87,"column":28}},"loc":{"start":{"line":88,"column":16},"end":{"line":99,"column":null}},"line":88},"10":{"name":"(anonymous_10)","decl":{"start":{"line":90,"column":18},"end":{"line":90,"column":33}},"loc":{"start":{"line":90,"column":33},"end":{"line":90,"column":null}},"line":90},"11":{"name":"(anonymous_11)","decl":{"start":{"line":106,"column":40},"end":{"line":106,"column":45}},"loc":{"start":{"line":107,"column":16},"end":{"line":107,"column":null}},"line":107},"12":{"name":"(anonymous_12)","decl":{"start":{"line":110,"column":28},"end":{"line":110,"column":33}},"loc":{"start":{"line":111,"column":16},"end":{"line":117,"column":null}},"line":111},"13":{"name":"(anonymous_13)","decl":{"start":{"line":112,"column":27},"end":{"line":112,"column":32}},"loc":{"start":{"line":113,"column":20},"end":{"line":115,"column":null}},"line":113},"14":{"name":"(anonymous_14)","decl":{"start":{"line":136,"column":10},"end":{"line":136,"column":25}},"loc":{"start":{"line":136,"column":34},"end":{"line":136,"column":null}},"line":136}},"branchMap":{"0":{"loc":{"start":{"line":9,"column":2},"end":{"line":9,"column":null}},"type":"default-arg","locations":[{"start":{"line":9,"column":12},"end":{"line":9,"column":null}}],"line":9},"1":{"loc":{"start":{"line":10,"column":2},"end":{"line":10,"column":null}},"type":"default-arg","locations":[{"start":{"line":10,"column":22},"end":{"line":10,"column":null}}],"line":10},"2":{"loc":{"start":{"line":11,"column":2},"end":{"line":11,"column":null}},"type":"default-arg","locations":[{"start":{"line":11,"column":17},"end":{"line":11,"column":null}}],"line":11},"3":{"loc":{"start":{"line":20,"column":4},"end":{"line":20,"column":null}},"type":"if","locations":[{"start":{"line":20,"column":4},"end":{"line":20,"column":null}},{"start":{},"end":{}}],"line":20},"4":{"loc":{"start":{"line":25,"column":10},"end":{"line":27,"column":null}},"type":"binary-expr","locations":[{"start":{"line":25,"column":10},"end":{"line":25,"column":null}},{"start":{"line":26,"column":10},"end":{"line":26,"column":null}},{"start":{"line":27,"column":10},"end":{"line":27,"column":null}}],"line":25},"5":{"loc":{"start":{"line":34,"column":4},"end":{"line":34,"column":null}},"type":"if","locations":[{"start":{"line":34,"column":4},"end":{"line":34,"column":null}},{"start":{},"end":{}}],"line":34},"6":{"loc":{"start":{"line":39,"column":6},"end":{"line":39,"column":null}},"type":"if","locations":[{"start":{"line":39,"column":6},"end":{"line":39,"column":null}},{"start":{},"end":{}}],"line":39},"7":{"loc":{"start":{"line":39,"column":30},"end":{"line":39,"column":null}},"type":"cond-expr","locations":[{"start":{"line":39,"column":56},"end":{"line":39,"column":61}},{"start":{"line":39,"column":61},"end":{"line":39,"column":null}}],"line":39},"8":{"loc":{"start":{"line":40,"column":6},"end":{"line":40,"column":null}},"type":"if","locations":[{"start":{"line":40,"column":6},"end":{"line":40,"column":null}},{"start":{},"end":{}}],"line":40},"9":{"loc":{"start":{"line":40,"column":30},"end":{"line":40,"column":null}},"type":"cond-expr","locations":[{"start":{"line":40,"column":56},"end":{"line":40,"column":60}},{"start":{"line":40,"column":60},"end":{"line":40,"column":null}}],"line":40},"10":{"loc":{"start":{"line":53,"column":4},"end":{"line":58,"column":null}},"type":"if","locations":[{"start":{"line":53,"column":4},"end":{"line":58,"column":null}},{"start":{"line":55,"column":11},"end":{"line":58,"column":null}}],"line":53},"11":{"loc":{"start":{"line":54,"column":23},"end":{"line":54,"column":63}},"type":"cond-expr","locations":[{"start":{"line":54,"column":49},"end":{"line":54,"column":58}},{"start":{"line":54,"column":58},"end":{"line":54,"column":63}}],"line":54},"12":{"loc":{"start":{"line":90,"column":33},"end":{"line":90,"column":null}},"type":"binary-expr","locations":[{"start":{"line":90,"column":33},"end":{"line":90,"column":49}},{"start":{"line":90,"column":49},"end":{"line":90,"column":null}}],"line":90},"13":{"loc":{"start":{"line":91,"column":56},"end":{"line":91,"column":null}},"type":"cond-expr","locations":[{"start":{"line":91,"column":71},"end":{"line":91,"column":132}},{"start":{"line":91,"column":132},"end":{"line":91,"column":null}}],"line":91},"14":{"loc":{"start":{"line":95,"column":21},"end":{"line":98,"column":null}},"type":"binary-expr","locations":[{"start":{"line":95,"column":21},"end":{"line":95,"column":37}},{"start":{"line":95,"column":37},"end":{"line":95,"column":null}},{"start":{"line":96,"column":22},"end":{"line":98,"column":null}}],"line":95},"15":{"loc":{"start":{"line":96,"column":22},"end":{"line":98,"column":null}},"type":"cond-expr","locations":[{"start":{"line":96,"column":48},"end":{"line":96,"column":89}},{"start":{"line":96,"column":88},"end":{"line":98,"column":null}}],"line":96},"16":{"loc":{"start":{"line":89,"column":23},"end":{"line":89,"column":null}},"type":"binary-expr","locations":[{"start":{"line":89,"column":23},"end":{"line":89,"column":34}},{"start":{"line":89,"column":34},"end":{"line":89,"column":null}}],"line":89},"17":{"loc":{"start":{"line":105,"column":13},"end":{"line":124,"column":null}},"type":"cond-expr","locations":[{"start":{"line":106,"column":14},"end":{"line":108,"column":null}},{"start":{"line":109,"column":16},"end":{"line":124,"column":null}}],"line":105},"18":{"loc":{"start":{"line":109,"column":16},"end":{"line":124,"column":null}},"type":"cond-expr","locations":[{"start":{"line":110,"column":14},"end":{"line":118,"column":null}},{"start":{"line":120,"column":14},"end":{"line":124,"column":null}}],"line":109},"19":{"loc":{"start":{"line":114,"column":23},"end":{"line":114,"column":null}},"type":"cond-expr","locations":[{"start":{"line":114,"column":36},"end":{"line":114,"column":54}},{"start":{"line":114,"column":54},"end":{"line":114,"column":null}}],"line":114},"20":{"loc":{"start":{"line":113,"column":29},"end":{"line":113,"column":52}},"type":"binary-expr","locations":[{"start":{"line":113,"column":29},"end":{"line":113,"column":40}},{"start":{"line":113,"column":40},"end":{"line":113,"column":52}}],"line":113},"21":{"loc":{"start":{"line":111,"column":25},"end":{"line":111,"column":89}},"type":"binary-expr","locations":[{"start":{"line":111,"column":25},"end":{"line":111,"column":35}},{"start":{"line":111,"column":35},"end":{"line":111,"column":52}},{"start":{"line":111,"column":52},"end":{"line":111,"column":67}},{"start":{"line":111,"column":67},"end":{"line":111,"column":84}},{"start":{"line":111,"column":84},"end":{"line":111,"column":89}}],"line":111}},"s":{"0":2,"1":8,"2":8,"3":8,"4":8,"5":8,"6":8,"7":8,"8":0,"9":0,"10":0,"11":0,"12":8,"13":8,"14":8,"15":0,"16":0,"17":0,"18":0,"19":0,"20":0,"21":0,"22":0,"23":8,"24":8,"25":8,"26":8,"27":8,"28":0,"29":0,"30":0,"31":0,"32":8,"33":0,"34":0,"35":44,"36":0,"37":15,"38":5,"39":25,"40":0},"f":{"0":8,"1":8,"2":0,"3":0,"4":8,"5":0,"6":8,"7":0,"8":0,"9":44,"10":0,"11":15,"12":5,"13":25,"14":0},"b":{"0":[8],"1":[8],"2":[8],"3":[8,0],"4":[0,0,0],"5":[8,0],"6":[0,0],"7":[0,0],"8":[0,0],"9":[0,0],"10":[0,0],"11":[0,0],"12":[0,0],"13":[38,6],"14":[44,38,0],"15":[0,0],"16":[44,0],"17":[3,5],"18":[5,0],"19":[24,1],"20":[25,0],"21":[5,4,3,1,1]},"meta":{"lastBranch":22,"lastFunction":15,"lastStatement":41,"seen":{"s:6:13:144:Infinity":0,"f:6:13:6:26":0,"b:9:12:9:Infinity":0,"b:10:22:10:Infinity":1,"b:11:17:11:Infinity":2,"s:13:30:13:Infinity":1,"s:14:40:14:Infinity":2,"s:15:36:15:Infinity":3,"s:16:44:16:Infinity":4,"s:19:23:30:Infinity":5,"f:19:23:19:37":1,"b:20:4:20:Infinity:undefined:undefined:undefined:undefined":3,"s:20:4:20:Infinity":6,"s:20:24:20:Infinity":7,"s:21:18:21:Infinity":8,"s:22:4:29:Infinity":9,"f:22:16:22:24":2,"s:23:6:28:Infinity":10,"f:23:25:23:Infinity":3,"s:25:10:27:Infinity":11,"b:25:10:25:Infinity:26:10:26:Infinity:27:10:27:Infinity":4,"s:33:21:43:Infinity":12,"f:33:21:33:35":4,"b:34:4:34:Infinity:undefined:undefined:undefined:undefined":5,"s:34:4:34:Infinity":13,"s:34:20:34:Infinity":14,"s:35:4:42:Infinity":15,"f:35:29:35:35":5,"s:36:19:36:Infinity":16,"s:37:19:37:Infinity":17,"b:39:6:39:Infinity:undefined:undefined:undefined:undefined":6,"s:39:6:39:Infinity":18,"s:39:23:39:Infinity":19,"b:39:56:39:61:39:61:39:Infinity":7,"b:40:6:40:Infinity:undefined:undefined:undefined:undefined":8,"s:40:6:40:Infinity":20,"s:40:23:40:Infinity":21,"b:40:56:40:60:40:60:40:Infinity":9,"s:41:6:41:Infinity":22,"s:46:21:46:Infinity":23,"s:47:24:50:Infinity":24,"f:47:24:47:38":6,"s:48:10:48:Infinity":25,"s:49:4:49:Infinity":26,"s:52:8:59:Infinity":27,"f:52:8:52:22":7,"b:53:4:58:Infinity:55:11:58:Infinity":10,"s:53:4:58:Infinity":28,"s:54:6:54:Infinity":29,"b:54:49:54:58:54:58:54:63":11,"s:56:6:56:Infinity":30,"s:57:6:57:Infinity":31,"s:61:2:142:Infinity":32,"f:70:12:70:23":8,"s:71:14:71:Infinity":33,"s:72:14:72:Infinity":34,"f:87:23:87:28":9,"s:88:16:99:Infinity":35,"f:90:18:90:33":10,"s:90:33:90:Infinity":36,"b:90:33:90:49:90:49:90:Infinity":12,"b:91:71:91:132:91:132:91:Infinity":13,"b:95:21:95:37:95:37:95:Infinity:96:22:98:Infinity":14,"b:96:48:96:89:96:88:98:Infinity":15,"b:89:23:89:34:89:34:89:Infinity":16,"b:106:14:108:Infinity:109:16:124:Infinity":17,"f:106:40:106:45":11,"s:107:16:107:Infinity":37,"b:110:14:118:Infinity:120:14:124:Infinity":18,"f:110:28:110:33":12,"s:111:16:117:Infinity":38,"f:112:27:112:32":13,"s:113:20:115:Infinity":39,"b:114:36:114:54:114:54:114:Infinity":19,"b:113:29:113:40:113:40:113:52":20,"b:111:25:111:35:111:35:111:52:111:52:111:67:111:67:111:84:111:84:111:89":21,"f:136:10:136:25":14,"s:136:34:136:Infinity":40},"fnNames":{}}}
,"C:\\Users\\jagathratchagan.ve\\OneDrive - IDP Education Ltd\\Documents\\E-Commerce\\ecommerce-frontend\\src\\contexts\\AuthContext.jsx": {"path":"C:\\Users\\jagathratchagan.ve\\OneDrive - IDP Education Ltd\\Documents\\E-Commerce\\ecommerce-frontend\\src\\contexts\\AuthContext.jsx","statementMap":{"0":{"start":{"line":6,"column":20},"end":{"line":6,"column":null}},"1":{"start":{"line":8,"column":13},"end":{"line":137,"column":null}},"2":{"start":{"line":9,"column":26},"end":{"line":9,"column":null}},"3":{"start":{"line":10,"column":30},"end":{"line":14,"column":null}},"4":{"start":{"line":15,"column":32},"end":{"line":15,"column":null}},"5":{"start":{"line":18,"column":2},"end":{"line":36,"column":null}},"6":{"start":{"line":19,"column":10},"end":{"line":33,"column":null}},"7":{"start":{"line":20,"column":26},"end":{"line":20,"column":null}},"8":{"start":{"line":21,"column":22},"end":{"line":21,"column":null}},"9":{"start":{"line":22,"column":27},"end":{"line":22,"column":null}},"10":{"start":{"line":24,"column":6},"end":{"line":31,"column":null}},"11":{"start":{"line":25,"column":25},"end":{"line":25,"column":null}},"12":{"start":{"line":26,"column":8},"end":{"line":26,"column":null}},"13":{"start":{"line":27,"column":8},"end":{"line":27,"column":null}},"14":{"start":{"line":28,"column":13},"end":{"line":31,"column":null}},"15":{"start":{"line":30,"column":8},"end":{"line":30,"column":null}},"16":{"start":{"line":32,"column":6},"end":{"line":32,"column":null}},"17":{"start":{"line":35,"column":4},"end":{"line":35,"column":null}},"18":{"start":{"line":38,"column":16},"end":{"line":61,"column":null}},"19":{"start":{"line":39,"column":4},"end":{"line":60,"column":null}},"20":{"start":{"line":40,"column":18},"end":{"line":40,"column":null}},"21":{"start":{"line":41,"column":6},"end":{"line":54,"column":null}},"22":{"start":{"line":42,"column":55},"end":{"line":42,"column":null}},"23":{"start":{"line":44,"column":8},"end":{"line":44,"column":null}},"24":{"start":{"line":45,"column":8},"end":{"line":45,"column":null}},"25":{"start":{"line":45,"column":21},"end":{"line":45,"column":null}},"26":{"start":{"line":46,"column":8},"end":{"line":46,"column":null}},"27":{"start":{"line":46,"column":26},"end":{"line":46,"column":null}},"28":{"start":{"line":48,"column":25},"end":{"line":48,"column":null}},"29":{"start":{"line":49,"column":8},"end":{"line":49,"column":null}},"30":{"start":{"line":50,"column":8},"end":{"line":50,"column":null}},"31":{"start":{"line":52,"column":8},"end":{"line":52,"column":null}},"32":{"start":{"line":53,"column":8},"end":{"line":53,"column":null}},"33":{"start":{"line":55,"column":6},"end":{"line":55,"column":null}},"34":{"start":{"line":57,"column":18},"end":{"line":57,"column":null}},"35":{"start":{"line":58,"column":6},"end":{"line":58,"column":null}},"36":{"start":{"line":59,"column":6},"end":{"line":59,"column":null}},"37":{"start":{"line":63,"column":17},"end":{"line":76,"column":null}},"38":{"start":{"line":64,"column":4},"end":{"line":75,"column":null}},"39":{"start":{"line":65,"column":18},"end":{"line":65,"column":null}},"40":{"start":{"line":66,"column":6},"end":{"line":69,"column":null}},"41":{"start":{"line":67,"column":8},"end":{"line":67,"column":null}},"42":{"start":{"line":68,"column":8},"end":{"line":68,"column":null}},"43":{"start":{"line":70,"column":6},"end":{"line":70,"column":null}},"44":{"start":{"line":72,"column":18},"end":{"line":72,"column":null}},"45":{"start":{"line":73,"column":6},"end":{"line":73,"column":null}},"46":{"start":{"line":74,"column":6},"end":{"line":74,"column":null}},"47":{"start":{"line":78,"column":24},"end":{"line":91,"column":null}},"48":{"start":{"line":79,"column":4},"end":{"line":90,"column":null}},"49":{"start":{"line":80,"column":18},"end":{"line":80,"column":null}},"50":{"start":{"line":81,"column":6},"end":{"line":84,"column":null}},"51":{"start":{"line":82,"column":8},"end":{"line":82,"column":null}},"52":{"start":{"line":83,"column":8},"end":{"line":83,"column":null}},"53":{"start":{"line":85,"column":6},"end":{"line":85,"column":null}},"54":{"start":{"line":87,"column":18},"end":{"line":87,"column":null}},"55":{"start":{"line":88,"column":6},"end":{"line":88,"column":null}},"56":{"start":{"line":89,"column":6},"end":{"line":89,"column":null}},"57":{"start":{"line":93,"column":26},"end":{"line":106,"column":null}},"58":{"start":{"line":94,"column":4},"end":{"line":105,"column":null}},"59":{"start":{"line":95,"column":18},"end":{"line":95,"column":null}},"60":{"start":{"line":96,"column":6},"end":{"line":99,"column":null}},"61":{"start":{"line":97,"column":8},"end":{"line":97,"column":null}},"62":{"start":{"line":98,"column":8},"end":{"line":98,"column":null}},"63":{"start":{"line":100,"column":6},"end":{"line":100,"column":null}},"64":{"start":{"line":102,"column":18},"end":{"line":102,"column":null}},"65":{"start":{"line":103,"column":6},"end":{"line":103,"column":null}},"66":{"start":{"line":104,"column":6},"end":{"line":104,"column":null}},"67":{"start":{"line":108,"column":8},"end":{"line":117,"column":null}},"68":{"start":{"line":109,"column":4},"end":{"line":109,"column":null}},"69":{"start":{"line":110,"column":4},"end":{"line":110,"column":null}},"70":{"start":{"line":111,"column":4},"end":{"line":111,"column":null}},"71":{"start":{"line":112,"column":4},"end":{"line":112,"column":null}},"72":{"start":{"line":113,"column":4},"end":{"line":113,"column":null}},"73":{"start":{"line":114,"column":4},"end":{"line":116,"column":null}},"74":{"start":{"line":115,"column":6},"end":{"line":115,"column":null}},"75":{"start":{"line":119,"column":2},"end":{"line":135,"column":null}},"76":{"start":{"line":139,"column":13},"end":{"line":145,"column":null}},"77":{"start":{"line":140,"column":18},"end":{"line":140,"column":null}},"78":{"start":{"line":141,"column":2},"end":{"line":143,"column":null}},"79":{"start":{"line":142,"column":4},"end":{"line":142,"column":null}},"80":{"start":{"line":144,"column":2},"end":{"line":144,"column":null}}},"fnMap":{"0":{"name":"(anonymous_0)","decl":{"start":{"line":8,"column":13},"end":{"line":8,"column":29}},"loc":{"start":{"line":8,"column":46},"end":{"line":137,"column":null}},"line":8},"1":{"name":"(anonymous_1)","decl":{"start":{"line":18,"column":2},"end":{"line":18,"column":18}},"loc":{"start":{"line":18,"column":18},"end":{"line":36,"column":5}},"line":18},"2":{"name":"(anonymous_2)","decl":{"start":{"line":19,"column":10},"end":{"line":19,"column":27}},"loc":{"start":{"line":19,"column":27},"end":{"line":33,"column":null}},"line":19},"3":{"name":"(anonymous_3)","decl":{"start":{"line":38,"column":16},"end":{"line":38,"column":23}},"loc":{"start":{"line":38,"column":43},"end":{"line":61,"column":null}},"line":38},"4":{"name":"(anonymous_4)","decl":{"start":{"line":63,"column":17},"end":{"line":63,"column":24}},"loc":{"start":{"line":63,"column":50},"end":{"line":76,"column":null}},"line":63},"5":{"name":"(anonymous_5)","decl":{"start":{"line":78,"column":24},"end":{"line":78,"column":31}},"loc":{"start":{"line":78,"column":59},"end":{"line":91,"column":null}},"line":78},"6":{"name":"(anonymous_6)","decl":{"start":{"line":93,"column":26},"end":{"line":93,"column":33}},"loc":{"start":{"line":93,"column":46},"end":{"line":106,"column":null}},"line":93},"7":{"name":"(anonymous_7)","decl":{"start":{"line":108,"column":8},"end":{"line":108,"column":18}},"loc":{"start":{"line":108,"column":39},"end":{"line":117,"column":null}},"line":108},"8":{"name":"(anonymous_8)","decl":{"start":{"line":139,"column":13},"end":{"line":139,"column":29}},"loc":{"start":{"line":139,"column":29},"end":{"line":145,"column":null}},"line":139}},"branchMap":{"0":{"loc":{"start":{"line":24,"column":6},"end":{"line":31,"column":null}},"type":"if","locations":[{"start":{"line":24,"column":6},"end":{"line":31,"column":null}},{"start":{"line":28,"column":13},"end":{"line":31,"column":null}}],"line":24},"1":{"loc":{"start":{"line":24,"column":10},"end":{"line":24,"column":55}},"type":"binary-expr","locations":[{"start":{"line":24,"column":10},"end":{"line":24,"column":25}},{"start":{"line":24,"column":25},"end":{"line":24,"column":55}}],"line":24},"2":{"loc":{"start":{"line":28,"column":13},"end":{"line":31,"column":null}},"type":"if","locations":[{"start":{"line":28,"column":13},"end":{"line":31,"column":null}},{"start":{},"end":{}}],"line":28},"3":{"loc":{"start":{"line":41,"column":6},"end":{"line":54,"column":null}},"type":"if","locations":[{"start":{"line":41,"column":6},"end":{"line":54,"column":null}},{"start":{},"end":{}}],"line":41},"4":{"loc":{"start":{"line":41,"column":10},"end":{"line":41,"column":35}},"type":"binary-expr","locations":[{"start":{"line":41,"column":10},"end":{"line":41,"column":25}},{"start":{"line":41,"column":25},"end":{"line":41,"column":35}}],"line":41},"5":{"loc":{"start":{"line":45,"column":8},"end":{"line":45,"column":null}},"type":"if","locations":[{"start":{"line":45,"column":8},"end":{"line":45,"column":null}},{"start":{},"end":{}}],"line":45},"6":{"loc":{"start":{"line":46,"column":8},"end":{"line":46,"column":null}},"type":"if","locations":[{"start":{"line":46,"column":8},"end":{"line":46,"column":null}},{"start":{},"end":{}}],"line":46},"7":{"loc":{"start":{"line":57,"column":18},"end":{"line":57,"column":null}},"type":"binary-expr","locations":[{"start":{"line":57,"column":18},"end":{"line":57,"column":51}},{"start":{"line":57,"column":51},"end":{"line":57,"column":68}},{"start":{"line":57,"column":68},"end":{"line":57,"column":null}}],"line":57},"8":{"loc":{"start":{"line":66,"column":6},"end":{"line":69,"column":null}},"type":"if","locations":[{"start":{"line":66,"column":6},"end":{"line":69,"column":null}},{"start":{},"end":{}}],"line":66},"9":{"loc":{"start":{"line":67,"column":22},"end":{"line":67,"column":76}},"type":"binary-expr","locations":[{"start":{"line":67,"column":22},"end":{"line":67,"column":37}},{"start":{"line":67,"column":37},"end":{"line":67,"column":76}}],"line":67},"10":{"loc":{"start":{"line":72,"column":18},"end":{"line":72,"column":null}},"type":"binary-expr","locations":[{"start":{"line":72,"column":18},"end":{"line":72,"column":51}},{"start":{"line":72,"column":51},"end":{"line":72,"column":68}},{"start":{"line":72,"column":68},"end":{"line":72,"column":null}}],"line":72},"11":{"loc":{"start":{"line":81,"column":6},"end":{"line":84,"column":null}},"type":"if","locations":[{"start":{"line":81,"column":6},"end":{"line":84,"column":null}},{"start":{},"end":{}}],"line":81},"12":{"loc":{"start":{"line":87,"column":18},"end":{"line":87,"column":null}},"type":"binary-expr","locations":[{"start":{"line":87,"column":18},"end":{"line":87,"column":51}},{"start":{"line":87,"column":51},"end":{"line":87,"column":68}},{"start":{"line":87,"column":68},"end":{"line":87,"column":null}}],"line":87},"13":{"loc":{"start":{"line":96,"column":6},"end":{"line":99,"column":null}},"type":"if","locations":[{"start":{"line":96,"column":6},"end":{"line":99,"column":null}},{"start":{},"end":{}}],"line":96},"14":{"loc":{"start":{"line":102,"column":18},"end":{"line":102,"column":null}},"type":"binary-expr","locations":[{"start":{"line":102,"column":18},"end":{"line":102,"column":51}},{"start":{"line":102,"column":51},"end":{"line":102,"column":68}},{"start":{"line":102,"column":68},"end":{"line":102,"column":null}}],"line":102},"15":{"loc":{"start":{"line":108,"column":18},"end":{"line":108,"column":39}},"type":"default-arg","locations":[{"start":{"line":108,"column":30},"end":{"line":108,"column":39}}],"line":108},"16":{"loc":{"start":{"line":114,"column":4},"end":{"line":116,"column":null}},"type":"if","locations":[{"start":{"line":114,"column":4},"end":{"line":116,"column":null}},{"start":{},"end":{}}],"line":114},"17":{"loc":{"start":{"line":125,"column":25},"end":{"line":125,"column":null}},"type":"binary-expr","locations":[{"start":{"line":125,"column":25},"end":{"line":125,"column":35}},{"start":{"line":125,"column":35},"end":{"line":125,"column":null}}],"line":125},"18":{"loc":{"start":{"line":141,"column":2},"end":{"line":143,"column":null}},"type":"if","locations":[{"start":{"line":141,"column":2},"end":{"line":143,"column":null}},{"start":{},"end":{}}],"line":141}},"s":{"0":1,"1":1,"2":18,"3":18,"4":18,"5":18,"6":8,"7":8,"8":8,"9":8,"10":8,"11":1,"12":1,"13":1,"14":7,"15":2,"16":8,"17":8,"18":18,"19":2,"20":2,"21":1,"22":1,"23":1,"24":1,"25":1,"26":1,"27":1,"28":1,"29":1,"30":1,"31":1,"32":1,"33":0,"34":1,"35":1,"36":1,"37":18,"38":1,"39":1,"40":1,"41":1,"42":1,"43":0,"44":0,"45":0,"46":0,"47":18,"48":1,"49":1,"50":1,"51":1,"52":1,"53":0,"54":0,"55":0,"56":0,"57":18,"58":1,"59":1,"60":1,"61":1,"62":1,"63":0,"64":0,"65":0,"66":0,"67":18,"68":3,"69":3,"70":3,"71":3,"72":3,"73":3,"74":1,"75":18,"76":1,"77":18,"78":18,"79":0,"80":18},"f":{"0":18,"1":8,"2":8,"3":2,"4":1,"5":1,"6":1,"7":3,"8":18},"b":{"0":[1,7],"1":[8,3],"2":[2,5],"3":[1,0],"4":[1,1],"5":[1,0],"6":[1,0],"7":[1,0,0],"8":[1,0],"9":[1,0],"10":[0,0,0],"11":[1,0],"12":[0,0,0],"13":[1,0],"14":[0,0,0],"15":[3],"16":[1,2],"17":[18,2],"18":[0,18]},"meta":{"lastBranch":19,"lastFunction":9,"lastStatement":81,"seen":{"s:6:20:6:Infinity":0,"s:8:13:137:Infinity":1,"f:8:13:8:29":0,"s:9:26:9:Infinity":2,"s:10:30:14:Infinity":3,"s:15:32:15:Infinity":4,"s:18:2:36:Infinity":5,"f:18:2:18:18":1,"s:19:10:33:Infinity":6,"f:19:10:19:27":2,"s:20:26:20:Infinity":7,"s:21:22:21:Infinity":8,"s:22:27:22:Infinity":9,"b:24:6:31:Infinity:28:13:31:Infinity":0,"s:24:6:31:Infinity":10,"b:24:10:24:25:24:25:24:55":1,"s:25:25:25:Infinity":11,"s:26:8:26:Infinity":12,"s:27:8:27:Infinity":13,"b:28:13:31:Infinity:undefined:undefined:undefined:undefined":2,"s:28:13:31:Infinity":14,"s:30:8:30:Infinity":15,"s:32:6:32:Infinity":16,"s:35:4:35:Infinity":17,"s:38:16:61:Infinity":18,"f:38:16:38:23":3,"s:39:4:60:Infinity":19,"s:40:18:40:Infinity":20,"b:41:6:54:Infinity:undefined:undefined:undefined:undefined":3,"s:41:6:54:Infinity":21,"b:41:10:41:25:41:25:41:35":4,"s:42:55:42:Infinity":22,"s:44:8:44:Infinity":23,"b:45:8:45:Infinity:undefined:undefined:undefined:undefined":5,"s:45:8:45:Infinity":24,"s:45:21:45:Infinity":25,"b:46:8:46:Infinity:undefined:undefined:undefined:undefined":6,"s:46:8:46:Infinity":26,"s:46:26:46:Infinity":27,"s:48:25:48:Infinity":28,"s:49:8:49:Infinity":29,"s:50:8:50:Infinity":30,"s:52:8:52:Infinity":31,"s:53:8:53:Infinity":32,"s:55:6:55:Infinity":33,"s:57:18:57:Infinity":34,"b:57:18:57:51:57:51:57:68:57:68:57:Infinity":7,"s:58:6:58:Infinity":35,"s:59:6:59:Infinity":36,"s:63:17:76:Infinity":37,"f:63:17:63:24":4,"s:64:4:75:Infinity":38,"s:65:18:65:Infinity":39,"b:66:6:69:Infinity:undefined:undefined:undefined:undefined":8,"s:66:6:69:Infinity":40,"s:67:8:67:Infinity":41,"b:67:22:67:37:67:37:67:76":9,"s:68:8:68:Infinity":42,"s:70:6:70:Infinity":43,"s:72:18:72:Infinity":44,"b:72:18:72:51:72:51:72:68:72:68:72:Infinity":10,"s:73:6:73:Infinity":45,"s:74:6:74:Infinity":46,"s:78:24:91:Infinity":47,"f:78:24:78:31":5,"s:79:4:90:Infinity":48,"s:80:18:80:Infinity":49,"b:81:6:84:Infinity:undefined:undefined:undefined:undefined":11,"s:81:6:84:Infinity":50,"s:82:8:82:Infinity":51,"s:83:8:83:Infinity":52,"s:85:6:85:Infinity":53,"s:87:18:87:Infinity":54,"b:87:18:87:51:87:51:87:68:87:68:87:Infinity":12,"s:88:6:88:Infinity":55,"s:89:6:89:Infinity":56,"s:93:26:106:Infinity":57,"f:93:26:93:33":6,"s:94:4:105:Infinity":58,"s:95:18:95:Infinity":59,"b:96:6:99:Infinity:undefined:undefined:undefined:undefined":13,"s:96:6:99:Infinity":60,"s:97:8:97:Infinity":61,"s:98:8:98:Infinity":62,"s:100:6:100:Infinity":63,"s:102:18:102:Infinity":64,"b:102:18:102:51:102:51:102:68:102:68:102:Infinity":14,"s:103:6:103:Infinity":65,"s:104:6:104:Infinity":66,"s:108:8:117:Infinity":67,"f:108:8:10
[...]
ne":24,"column":null}},"8":{"start":{"line":25,"column":4},"end":{"line":25,"column":null}},"9":{"start":{"line":30,"column":16},"end":{"line":30,"column":null}},"10":{"start":{"line":31,"column":4},"end":{"line":31,"column":null}},"11":{"start":{"line":36,"column":16},"end":{"line":36,"column":null}},"12":{"start":{"line":37,"column":4},"end":{"line":37,"column":null}}},"fnMap":{"0":{"name":"(anonymous_0)","decl":{"start":{"line":5,"column":15},"end":{"line":5,"column":27}},"loc":{"start":{"line":5,"column":27},"end":{"line":8,"column":null}},"line":5},"1":{"name":"(anonymous_1)","decl":{"start":{"line":11,"column":16},"end":{"line":11,"column":23}},"loc":{"start":{"line":11,"column":35},"end":{"line":14,"column":null}},"line":11},"2":{"name":"(anonymous_2)","decl":{"start":{"line":17,"column":15},"end":{"line":17,"column":22}},"loc":{"start":{"line":17,"column":36},"end":{"line":20,"column":null}},"line":17},"3":{"name":"(anonymous_3)","decl":{"start":{"line":23,"column":21},"end":{"line":23,"column":28}},"loc":{"start":{"line":23,"column":52},"end":{"line":26,"column":null}},"line":23},"4":{"name":"(anonymous_4)","decl":{"start":{"line":29,"column":16},"end":{"line":29,"column":28}},"loc":{"start":{"line":29,"column":28},"end":{"line":32,"column":null}},"line":29},"5":{"name":"(anonymous_5)","decl":{"start":{"line":35,"column":15},"end":{"line":35,"column":22}},"loc":{"start":{"line":35,"column":34},"end":{"line":38,"column":null}},"line":35}},"branchMap":{},"s":{"0":1,"1":1,"2":1,"3":1,"4":1,"5":1,"6":1,"7":1,"8":1,"9":1,"10":1,"11":1,"12":1},"f":{"0":1,"1":1,"2":1,"3":1,"4":1,"5":1},"b":{},"meta":{"lastBranch":0,"lastFunction":6,"lastStatement":13,"seen":{"s:3:28:39:Infinity":0,"f:5:15:5:27":0,"s:6:16:6:Infinity":1,"s:7:4:7:Infinity":2,"f:11:16:11:23":1,"s:12:16:12:Infinity":3,"s:13:4:13:Infinity":4,"f:17:15:17:22":2,"s:18:16:18:Infinity":5,"s:19:4:19:Infinity":6,"f:23:21:23:28":3,"s:24:16:24:Infinity":7,"s:25:4:25:Infinity":8,"f:29:16:29:28":4,"s:30:16:30:Infinity":9,"s:31:4:31:Infinity":10,"f:35:15:35:22":5,"s:36:16:36:Infinity":11,"s:37:4:37:Infinity":12},"fnNames":{}}}
,"C:\\Users\\jagathratchagan.ve\\OneDrive - IDP Education Ltd\\Documents\\E-Commerce\\ecommerce-frontend\\src\\services\\paymentService.js": {"path":"C:\\Users\\jagathratchagan.ve\\OneDrive - IDP Education Ltd\\Documents\\E-Commerce\\ecommerce-frontend\\src\\services\\paymentService.js","statementMap":{"0":{"start":{"line":3,"column":30},"end":{"line":39,"column":null}},"1":{"start":{"line":6,"column":16},"end":{"line":6,"column":null}},"2":{"start":{"line":7,"column":4},"end":{"line":7,"column":null}},"3":{"start":{"line":12,"column":16},"end":{"line":12,"column":null}},"4":{"start":{"line":13,"column":4},"end":{"line":13,"column":null}},"5":{"start":{"line":18,"column":16},"end":{"line":18,"column":null}},"6":{"start":{"line":19,"column":4},"end":{"line":19,"column":null}},"7":{"start":{"line":24,"column":16},"end":{"line":24,"column":null}},"8":{"start":{"line":25,"column":4},"end":{"line":25,"column":null}},"9":{"start":{"line":30,"column":16},"end":{"line":30,"column":null}},"10":{"start":{"line":31,"column":4},"end":{"line":31,"column":null}},"11":{"start":{"line":36,"column":16},"end":{"line":36,"column":null}},"12":{"start":{"line":37,"column":4},"end":{"line":37,"column":null}}},"fnMap":{"0":{"name":"(anonymous_0)","decl":{"start":{"line":5,"column":17},"end":{"line":5,"column":24}},"loc":{"start":{"line":5,"column":40},"end":{"line":8,"column":null}},"line":5},"1":{"name":"(anonymous_1)","decl":{"start":{"line":11,"column":25},"end":{"line":11,"column":32}},"loc":{"start":{"line":11,"column":46},"end":{"line":14,"column":null}},"line":11},"2":{"name":"(anonymous_2)","decl":{"start":{"line":17,"column":18},"end":{"line":17,"column":25}},"loc":{"start":{"line":17,"column":39},"end":{"line":20,"column":null}},"line":17},"3":{"name":"(anonymous_3)","decl":{"start":{"line":23,"column":18},"end":{"line":23,"column":30}},"loc":{"start":{"line":23,"column":30},"end":{"line":26,"column":null}},"line":23},"4":{"name":"(anonymous_4)","decl":{"start":{"line":29,"column":17},"end":{"line":29,"column":24}},"loc":{"start":{"line":29,"column":50},"end":{"line":32,"column":null}},"line":29},"5":{"name":"(anonymous_5)","decl":{"start":{"line":35,"column":17},"end":{"line":35,"column":24}},"loc":{"start":{"line":35,"column":38},"end":{"line":38,"column":null}},"line":35}},"branchMap":{},"s":{"0":1,"1":1,"2":1,"3":1,"4":1,"5":1,"6":1,"7":1,"8":1,"9":1,"10":1,"11":1,"12":1},"f":{"0":1,"1":1,"2":1,"3":1,"4":1,"5":1},"b":{},"meta":{"lastBranch":0,"lastFunction":6,"lastStatement":13,"seen":{"s:3:30:39:Infinity":0,"f:5:17:5:24":0,"s:6:16:6:Infinity":1,"s:7:4:7:Infinity":2,"f:11:25:11:32":1,"s:12:16:12:Infinity":3,"s:13:4:13:Infinity":4,"f:17:18:17:25":2,"s:18:16:18:Infinity":5,"s:19:4:19:Infinity":6,"f:23:18:23:30":3,"s:24:16:24:Infinity":7,"s:25:4:25:Infinity":8,"f:29:17:29:24":4,"s:30:16:30:Infinity":9,"s:31:4:31:Infinity":10,"f:35:17:35:24":5,"s:36:16:36:Infinity":11,"s:37:4:37:Infinity":12},"fnNames":{}}}
,"C:\\Users\\jagathratchagan.ve\\OneDrive - IDP Education Ltd\\Documents\\E-Commerce\\ecommerce-frontend\\src\\services\\productService.js": {"path":"C:\\Users\\jagathratchagan.ve\\OneDrive - IDP Education Ltd\\Documents\\E-Commerce\\ecommerce-frontend\\src\\services\\productService.js","statementMap":{"0":{"start":{"line":3,"column":30},"end":{"line":33,"column":null}},"1":{"start":{"line":6,"column":16},"end":{"line":6,"column":null}},"2":{"start":{"line":7,"column":4},"end":{"line":7,"column":null}},"3":{"start":{"line":12,"column":16},"end":{"line":12,"column":null}},"4":{"start":{"line":13,"column":4},"end":{"line":13,"column":null}},"5":{"start":{"line":18,"column":16},"end":{"line":18,"column":null}},"6":{"start":{"line":19,"column":4},"end":{"line":19,"column":null}},"7":{"start":{"line":24,"column":16},"end":{"line":24,"column":null}},"8":{"start":{"line":25,"column":4},"end":{"line":25,"column":null}},"9":{"start":{"line":30,"column":16},"end":{"line":30,"column":null}},"10":{"start":{"line":31,"column":4},"end":{"line":31,"column":null}}},"fnMap":{"0":{"name":"(anonymous_0)","decl":{"start":{"line":5,"column":18},"end":{"line":5,"column":30}},"loc":{"start":{"line":5,"column":30},"end":{"line":8,"column":null}},"line":5},"1":{"name":"(anonymous_1)","decl":{"start":{"line":11,"column":18},"end":{"line":11,"column":25}},"loc":{"start":{"line":11,"column":32},"end":{"line":14,"column":null}},"line":11},"2":{"name":"(anonymous_2)","decl":{"start":{"line":17,"column":17},"end":{"line":17,"column":24}},"loc":{"start":{"line":17,"column":40},"end":{"line":20,"column":null}},"line":17},"3":{"name":"(anonymous_3)","decl":{"start":{"line":23,"column":17},"end":{"line":23,"column":24}},"loc":{"start":{"line":23,"column":44},"end":{"line":26,"column":null}},"line":23},"4":{"name":"(anonymous_4)","decl":{"start":{"line":29,"column":17},"end":{"line":29,"column":24}},"loc":{"start":{"line":29,"column":31},"end":{"line":32,"column":null}},"line":29}},"branchMap":{},"s":{"0":1,"1":1,"2":1,"3":1,"4":1,"5":1,"6":1,"7":1,"8":1,"9":1,"10":1},"f":{"0":1,"1":1,"2":1,"3":1,"4":1},"b":{},"meta":{"lastBranch":0,"lastFunction":5,"lastStatement":11,"seen":{"s:3:30:33:Infinity":0,"f:5:18:5:30":0,"s:6:16:6:Infinity":1,"s:7:4:7:Infinity":2,"f:11:18:11:25":1,"s:12:16:12:Infinity":3,"s:13:4:13:Infinity":4,"f:17:17:17:24":2,"s:18:16:18:Infinity":5,"s:19:4:19:Infinity":6,"f:23:17:23:24":3,"s:24:16:24:Infinity":7,"s:25:4:25:Infinity":8,"f:29:17:29:24":4,"s:30:16:30:Infinity":9,"s:31:4:31:Infinity":10},"fnNames":{}}}
,"C:\\Users\\jagathratchagan.ve\\OneDrive - IDP Education Ltd\\Documents\\E-Commerce\\ecommerce-frontend\\src\\utils\\formatters.js": {"path":"C:\\Users\\jagathratchagan.ve\\OneDrive - IDP Education Ltd\\Documents\\E-Commerce\\ecommerce-frontend\\src\\utils\\formatters.js","statementMap":{"0":{"start":{"line":6,"column":13},"end":{"line":13,"column":null}},"1":{"start":{"line":7,"column":14},"end":{"line":7,"column":null}},"2":{"start":{"line":8,"column":2},"end":{"line":12,"column":null}},"3":{"start":{"line":21,"column":13},"end":{"line":26,"column":null}},"4":{"start":{"line":22,"column":12},"end":{"line":22,"column":null}},"5":{"start":{"line":23,"column":13},"end":{"line":23,"column":null}},"6":{"start":{"line":24,"column":2},"end":{"line":24,"column":null}},"7":{"start":{"line":24,"column":36},"end":{"line":24,"column":null}},"8":{"start":{"line":25,"column":2},"end":{"line":25,"column":null}},"9":{"start":{"line":33,"column":13},"end":{"line":47,"column":null}},"10":{"start":{"line":34,"column":2},"end":{"line":34,"column":null}},"11":{"start":{"line":34,"column":19},"end":{"line":34,"column":null}},"12":{"start":{"line":35,"column":2},"end":{"line":46,"column":null}},"13":{"start":{"line":36,"column":17},"end":{"line":36,"column":null}},"14":{"start":{"line":37,"column":4},"end":{"line":43,"column":null}},"15":{"start":{"line":45,"column":4},"end":{"line":45,"column":null}},"16":{"start":{"line":54,"column":13},"end":{"line":71,"column":null}},"17":{"start":{"line":55,"column":2},"end":{"line":70,"column":null}},"18":{"start":{"line":59,"column":6},"end":{"line":59,"column":null}},"19":{"start":{"line":63,"column":6},"end":{"line":63,"column":null}},"20":{"start":{"line":67,"column":6},"end":{"line":67,"column":null}},"21":{"start":{"line":69,"column":6},"end":{"line":69,"column":null}}},"fnMap":{"0":{"name":"(anonymous_0)","decl":{"start":{"line":6,"column":13},"end":{"line":6,"column":31}},"loc":{"start":{"line":6,"column":42},"end":{"line":13,"column":null}},"line":6},"1":{"name":"(anonymous_1)","decl":{"start":{"line":21,"column":13},"end":{"line":21,"column":44}},"loc":{"start":{"line":21,"column":69},"end":{"line":26,"column":null}},"line":21},"2":{"name":"(anonymous_2)","decl":{"start":{"line":33,"column":13},"end":{"line":33,"column":27}},"loc":{"start":{"line":33,"column":42},"end":{"line":47,"column":null}},"line":33},"3":{"name":"(anonymous_3)","decl":{"start":{"line":54,"column":13},"end":{"line":54,"column":36}},"loc":{"start":{"line":54,"column":47},"end":{"line":71,"column":null}},"line":54}},"branchMap":{"0":{"loc":{"start":{"line":7,"column":21},"end":{"line":7,"column":32}},"type":"binary-expr","locations":[{"start":{"line":7,"column":21},"end":{"line":7,"column":31}},{"start":{"line":7,"column":31},"end":{"line":7,"column":32}}],"line":7},"1":{"loc":{"start":{"line":22,"column":19},"end":{"line":22,"column":29}},"type":"binary-expr","locations":[{"start":{"line":22,"column":19},"end":{"line":22,"column":28}},{"start":{"line":22,"column":28},"end":{"line":22,"column":29}}],"line":22},"2":{"loc":{"start":{"line":23,"column":20},"end":{"line":23,"column":38}},"type":"binary-expr","locations":[{"start":{"line":23,"column":20},"end":{"line":23,"column":37}},{"start":{"line":23,"column":37},"end":{"line":23,"column":38}}],"line":23},"3":{"loc":{"start":{"line":24,"column":2},"end":{"line":24,"column":null}},"type":"if","locations":[{"start":{"line":24,"column":2},"end":{"line":24,"column":null}},{"start":{},"end":{}}],"line":24},"4":{"loc":{"start":{"line":24,"column":6},"end":{"line":24,"column":36}},"type":"binary-expr","locations":[{"start":{"line":24,"column":6},"end":{"line":24,"column":16}},{"start":{"line":24,"column":16},"end":{"line":24,"column":27}},{"start":{"line":24,"column":27},"end":{"line":24,"column":36}}],"line":24},"5":{"loc":{"start":{"line":34,"column":2},"end":{"line":34,"column":null}},"type":"if","locations":[{"start":{"line":34,"column":2},"end":{"line":34,"column":null}},{"start":{},"end":{}}],"line":34},"6":{"loc":{"start":{"line":55,"column":2},"end":{"line":70,"column":null}},"type":"switch","locations":[{"start":{"line":56,"column":4},"end":{"line":56,"column":null}},{"start":{"line":57,"column":4},"end":{"line":57,"column":null}},{"start":{"line":58,"column":4},"end":{"line":59,"column":null}},{"start":{"line":60,"column":4},"end":{"line":60,"column":null}},{"start":{"line":61,"column":4},"end":{"line":61,"column":null}},{"start":{"line":62,"column":4},"end":{"line":63,"column":null}},{"start":{"line":64,"column":4},"end":{"line":64,"column":null}},{"start":{"line":65,"column":4},"end":{"line":65,"column":null}},{"start":{"line":66,"column":4},"end":{"line":67,"column":null}},{"start":{"line":68,"column":4},"end":{"line":69,"column":null}}],"line":55}},"s":{"0":5,"1":57,"2":57,"3":5,"4":13,"5":13,"6":13,"7":8,"8":5,"9":5,"10":11,"11":4,"12":7,"13":7,"14":7,"15":0,"16":5,"17":13,"18":8,"19":2,"20":2,"21":1},"f":{"0":57,"1":13,"2":11,"3":13},"b":{"0":[57,3],"1":[13,1],"2":[13,5],"3":[8,5],"4":[13,12,6],"5":[4,7],"6":[2,2,8,1,1,2,1,2,2,1]},"meta":{"lastBranch":7,"lastFunction":4,"lastStatement":22,"seen":{"s:6:13:13:Infinity":0,"f:6:13:6:31":0,"s:7:14:7:Infinity":1,"b:7:21:7:31:7:31:7:32":0,"s:8:2:12:Infinity":2,"s:21:13:26:Infinity":3,"f:21:13:21:44":1,"s:22:12:22:Infinity":4,"b:22:19:22:28:22:28:22:29":1,"s:23:13:23:Infinity":5,"b:23:20:23:37:23:37:23:38":2,"b:24:2:24:Infinity:undefined:undefined:undefined:undefined":3,"s:24:2:24:Infinity":6,"b:24:6:24:16:24:16:24:27:24:27:24:36":4,"s:24:36:24:Infinity":7,"s:25:2:25:Infinity":8,"s:33:13:47:Infinity":9,"f:33:13:33:27":2,"b:34:2:34:Infinity:undefined:undefined:undefined:undefined":5,"s:34:2:34:Infinity":10,"s:34:19:34:Infinity":11,"s:35:2:46:Infinity":12,"s:36:17:36:Infinity":13,"s:37:4:43:Infinity":14,"s:45:4:45:Infinity":15,"s:54:13:71:Infinity":16,"f:54:13:54:36":3,"b:56:4:56:Infinity:57:4:57:Infinity:58:4:59:Infinity:60:4:60:Infinity:61:4:61:Infinity:62:4:63:Infinity:64:4:64:Infinity:65:4:65:Infinity:66:4:67:Infinity:68:4:69:Infinity":6,"s:55:2:70:Infinity":17,"s:59:6:59:Infinity":18,"s:63:6:63:Infinity":19,"s:67:6:67:Infinity":20,"s:69:6:69:Infinity":21},"fnNames":{}}}
,"C:\\Users\\jagathratchagan.ve\\OneDrive - IDP Education Ltd\\Documents\\E-Commerce\\ecommerce-frontend\\src\\utils\\jwt.js": {"path":"C:\\Users\\jagathratchagan.ve\\OneDrive - IDP Education Ltd\\Documents\\E-Commerce\\ecommerce-frontend\\src\\utils\\jwt.js","statementMap":{"0":{"start":{"line":8,"column":13},"end":{"line":17,"column":null}},"1":{"start":{"line":9,"column":2},"end":{"line":9,"column":null}},"2":{"start":{"line":9,"column":14},"end":{"line":9,"column":null}},"3":{"start":{"line":10,"column":2},"end":{"line":16,"column":null}},"4":{"start":{"line":11,"column":20},"end":{"line":11,"column":null}},"5":{"start":{"line":12,"column":4},"end":{"line":12,"column":null}},"6":{"start":{"line":14,"column":4},"end":{"line":14,"column":null}},"7":{"start":{"line":15,"column":4},"end":{"line":15,"column":null}},"8":{"start":{"line":24,"column":13},"end":{"line":29,"column":null}},"9":{"start":{"line":25,"column":18},"end":{"line":25,"column":null}},"10":{"start":{"line":26,"column":2},"end":{"line":26,"column":null}},"11":{"start":{"line":26,"column":32},"end":{"line":26,"column":null}},"12":{"start":{"line":27,"column":22},"end":{"line":27,"column":null}},"13":{"start":{"line":28,"column":2},"end":{"line":28,"column":null}},"14":{"start":{"line":37,"column":13},"end":{"line":54,"column":null}},"15":{"start":{"line":38,"column":24},"end":{"line":38,"column":null}},"16":{"start":{"line":39,"column":20},"end":{"line":39,"column":null}},"17":{"start":{"line":41,"column":17},"end":{"line":41,"column":null}},"18":{"start":{"line":42,"column":18},"end":{"line":42,"column":null}},"19":{"start":{"line":43,"column":15},"end":{"line":43,"column":null}},"20":{"start":{"line":45,"column":2},"end":{"line":53,"column":null}}},"fnMap":{"0":{"name":"(anonymous_0)","decl":{"start":{"line":8,"column":13},"end":{"line":8,"column":28}},"loc":{"start":{"line":8,"column":38},"end":{"line":17,"column":null}},"line":8},"1":{"name":"(anonymous_1)","decl":{"start":{"line":24,"column":13},"end":{"line":24,"column":31}},"loc":{"start":{"line":24,"column":41},"end":{"line":29,"column":null}},"line":24},"2":{"name":"(anonymous_2)","decl":{"start":{"line":37,"column":13},"end":{"line":37,"column":38}},"loc":{"start":{"line":37,"column":63},"end":{"line":54,"column":null}},"line":37}},"branchMap":{"0":{"loc":{"start":{"line":9,"column":2},"end":{"line":9,"column":null}},"type":"if","locations":[{"start":{"line":9,"column":2},"end":{"line":9,"column":null}},{"start":{},"end":{}}],"line":9},"1":{"loc":{"start":{"line":26,"column":2},"end":{"line":26,"column":null}},"type":"if","locations":[{"start":{"line":26,"column":2},"end":{"line":26,"column":null}},{"start":{},"end":{}}],"line":26},"2":{"loc":{"start":{"line":26,"column":6},"end":{"line":26,"column":32}},"type":"binary-expr","locations":[{"start":{"line":26,"column":6},"end":{"line":26,"column":18}},{"start":{"line":26,"column":18},"end":{"line":26,"column":32}}],"line":26},"3":{"loc":{"start":{"line":41,"column":17},"end":{"line":41,"column":null}},"type":"binary-expr","locations":[{"start":{"line":41,"column":17},"end":{"line":41,"column":54}},{"start":{"line":41,"column":54},"end":{"line":41,"column":87}},{"start":{"line":41,"column":87},"end":{"line":41,"column":null}}],"line":41},"4":{"loc":{"start":{"line":43,"column":15},"end":{"line":43,"column":null}},"type":"cond-expr","locations":[{"start":{"line":43,"column":25},"end":{"line":43,"column":35}},{"start":{"line":43,"column":35},"end":{"line":43,"column":null}}],"line":43},"5":{"loc":{"start":{"line":46,"column":12},"end":{"line":46,"column":null}},"type":"binary-expr","locations":[{"start":{"line":46,"column":12},"end":{"line":46,"column":34}},{"start":{"line":46,"column":34},"end":{"line":46,"column":52}},{"start":{"line":46,"column":52},"end":{"line":46,"column":null}}],"line":46},"6":{"loc":{"start":{"line":47,"column":14},"end":{"line":47,"column":null}},"type":"binary-expr","locations":[{"start":{"line":47,"column":14},"end":{"line":47,"column":41}},{"start":{"line":47,"column":41},"end":{"line":47,"column":76}},{"start":{"line":47,"column":76},"end":{"line":47,"column":96}},{"start":{"line":47,"column":96},"end":{"line":47,"column":null}}],"line":47},"7":{"loc":{"start":{"line":48,"column":11},"end":{"line":48,"column":null}},"type":"binary-expr","locations":[{"start":{"line":48,"column":11},"end":{"line":48,"column":31}},{"start":{"line":48,"column":31},"end":{"line":48,"column":58}},{"start":{"line":48,"column":58},"end":{"line":48,"column":null}}],"line":48},"8":{"loc":{"start":{"line":49,"column":10},"end":{"line":49,"column":null}},"type":"binary-expr","locations":[{"start":{"line":49,"column":10},"end":{"line":49,"column":29}},{"start":{"line":49,"column":29},"end":{"line":49,"column":64}},{"start":{"line":49,"column":64},"end":{"line":49,"column":null}}],"line":49}},"s":{"0":1,"1":10,"2":2,"3":8,"4":8,"5":8,"6":1,"7":1,"8":1,"9":3,"10":3,"11":1,"12":2,"13":2,"14":1,"15":2,"16":2,"17":2,"18":2,"19":2,"20":2},"f":{"0":10,"1":3,"2":2},"b":{"0":[2,8],"1":[1,2],"2":[3,2],"3":[2,0,0],"4":[1,1],"5":[2,0,0],"6":[2,0,0,0],"7":[2,2,0],"8":[2,2,2]},"meta":{"lastBranch":9,"lastFunction":3,"lastStatement":21,"seen":{"s:8:13:17:Infinity":0,"f:8:13:8:28":0,"b:9:2:9:Infinity:undefined:undefined:undefined:undefined":0,"s:9:2:9:Infinity":1,"s:9:14:9:Infinity":2,"s:10:2:16:Infinity":3,"s:11:20:11:Infinity":4,"s:12:4:12:Infinity":5,"s:14:4:14:Infinity":6,"s:15:4:15:Infinity":7,"s:24:13:29:Infinity":8,"f:24:13:24:31":1,"s:25:18:25:Infinity":9,"b:26:2:26:Infinity:undefined:undefined:undefined:undefined":1,"s:26:2:26:Infinity":10,"b:26:6:26:18:26:18:26:32":2,"s:26:32:26:Infinity":11,"s:27:22:27:Infinity":12,"s:28:2:28:Infinity":13,"s:37:13:54:Infinity":14,"f:37:13:37:38":2,"s:38:24:38:Infinity":15,"s:39:20:39:Infinity":16,"s:41:17:41:Infinity":17,"b:41:17:41:54:41:54:41:87:41:87:41:Infinity":3,"s:42:18:42:Infinity":18,"s:43:15:43:Infinity":19,"b:43:25:43:35:43:35:43:Infinity":4,"s:45:2:53:Infinity":20,"b:46:12:46:34:46:34:46:52:46:52:46:Infinity":5,"b:47:14:47:41:47:41:47:76:47:76:47:96:47:96:47:Infinity":6,"b:48:11:48:31:48:31:48:58:48:58:48:Infinity":7,"b:49:10:49:29:49:29:49:64:49:64:49:Infinity":8},"fnNames":{}}}
}
